TN:
SF:./src/client/app/app.module.js
FN:1,(anonymous_1)
FNF:1
FNH:1
FNDA:1,(anonymous_1)
DA:1,1
DA:4,1
LF:2
LH:2
BRF:0
BRH:0
end_of_record
TN:
SF:./src/client/app/blocks/exception/exception.module.js
FN:1,(anonymous_1)
FNF:1
FNH:1
FNDA:1,(anonymous_1)
DA:1,1
DA:4,1
LF:2
LH:2
BRF:0
BRH:0
end_of_record
TN:
SF:./src/client/app/blocks/logger/logger.module.js
FN:1,(anonymous_1)
FNF:1
FNH:1
FNDA:1,(anonymous_1)
DA:1,1
DA:4,1
LF:2
LH:2
BRF:0
BRH:0
end_of_record
TN:
SF:./src/client/app/blocks/router/router.module.js
FN:1,(anonymous_1)
FNF:1
FNH:1
FNDA:1,(anonymous_1)
DA:1,1
DA:4,1
LF:2
LH:2
BRF:0
BRH:0
end_of_record
TN:
SF:./src/client/app/blocks/utils/utils.module.js
FN:1,(anonymous_1)
FNF:1
FNH:1
FNDA:1,(anonymous_1)
DA:1,1
DA:3,1
LF:2
LH:2
BRF:0
BRH:0
end_of_record
TN:
SF:./src/client/app/cadastros/cadastro.module.js
FN:1,(anonymous_1)
FNF:1
FNH:1
FNDA:1,(anonymous_1)
DA:1,1
DA:3,1
LF:2
LH:2
BRF:0
BRH:0
end_of_record
TN:
SF:./src/client/app/cadastros/categorias/categoria.module.js
FN:1,(anonymous_1)
FNF:1
FNH:1
FNDA:1,(anonymous_1)
DA:1,1
DA:4,1
LF:2
LH:2
BRF:0
BRH:0
end_of_record
TN:
SF:./src/client/app/cadastros/cliente/cliente.module.js
FN:1,(anonymous_1)
FNF:1
FNH:1
FNDA:1,(anonymous_1)
DA:1,1
DA:4,1
LF:2
LH:2
BRF:0
BRH:0
end_of_record
TN:
SF:./src/client/app/cadastros/item/item.module.js
FN:1,(anonymous_1)
FNF:1
FNH:1
FNDA:1,(anonymous_1)
DA:1,1
DA:4,1
LF:2
LH:2
BRF:0
BRH:0
end_of_record
TN:
SF:./src/client/app/cadastros/modulossys/modulos.module.js
FN:1,(anonymous_1)
FNF:1
FNH:1
FNDA:1,(anonymous_1)
DA:1,1
DA:4,1
LF:2
LH:2
BRF:0
BRH:0
end_of_record
TN:
SF:./src/client/app/cadastros/perfil/perfil.module.js
FN:1,(anonymous_1)
FNF:1
FNH:1
FNDA:1,(anonymous_1)
DA:1,1
DA:4,1
LF:2
LH:2
BRF:0
BRH:0
end_of_record
TN:
SF:./src/client/app/cadastros/subcategorias/subcategoria.module.js
FN:1,(anonymous_1)
FNF:1
FNH:1
FNDA:1,(anonymous_1)
DA:1,1
DA:4,1
LF:2
LH:2
BRF:0
BRH:0
end_of_record
TN:
SF:./src/client/app/cadastros/unidademedida/unidade.module.js
FN:1,(anonymous_1)
FNF:1
FNH:1
FNDA:1,(anonymous_1)
DA:1,1
DA:4,1
LF:2
LH:2
BRF:0
BRH:0
end_of_record
TN:
SF:./src/client/app/cadastros/usuario/usuario.module.js
FN:1,(anonymous_1)
FNF:1
FNH:1
FNDA:1,(anonymous_1)
DA:1,1
DA:4,1
LF:2
LH:2
BRF:0
BRH:0
end_of_record
TN:
SF:./src/client/app/core/core.module.js
FN:1,(anonymous_1)
FNF:1
FNH:1
FNDA:1,(anonymous_1)
DA:1,1
DA:4,1
LF:2
LH:2
BRF:0
BRH:0
end_of_record
TN:
SF:./src/client/app/dashboard/dashboard.module.js
FN:1,(anonymous_1)
FNF:1
FNH:1
FNDA:1,(anonymous_1)
DA:1,1
DA:4,1
LF:2
LH:2
BRF:0
BRH:0
end_of_record
TN:
SF:./src/client/app/empresa/empresa.module.js
FN:1,(anonymous_1)
FNF:1
FNH:1
FNDA:1,(anonymous_1)
DA:1,1
DA:4,1
LF:2
LH:2
BRF:0
BRH:0
end_of_record
TN:
SF:./src/client/app/layout/layout.module.js
FN:1,(anonymous_1)
FNF:1
FNH:1
FNDA:1,(anonymous_1)
DA:1,1
DA:4,1
LF:2
LH:2
BRF:0
BRH:0
end_of_record
TN:
SF:./src/client/app/login/login.module.js
FN:1,(anonymous_1)
FNF:1
FNH:1
FNDA:1,(anonymous_1)
DA:1,1
DA:4,1
LF:2
LH:2
BRF:0
BRH:0
end_of_record
TN:
SF:./src/client/app/sistema/consultar/consulta.module.js
FN:1,(anonymous_1)
FNF:1
FNH:1
FNDA:1,(anonymous_1)
DA:1,1
DA:3,1
LF:2
LH:2
BRF:0
BRH:0
end_of_record
TN:
SF:./src/client/app/sistema/reservas/reserva.module.js
FN:1,(anonymous_1)
FNF:1
FNH:1
FNDA:1,(anonymous_1)
DA:1,1
DA:3,1
LF:2
LH:2
BRF:0
BRH:0
end_of_record
TN:
SF:./src/client/app/sistema/sistema.module.js
FN:1,(anonymous_1)
FNF:1
FNH:1
FNDA:1,(anonymous_1)
DA:1,1
DA:3,1
LF:2
LH:2
BRF:0
BRH:0
end_of_record
TN:
SF:./src/client/app/widgets/widgets.module.js
FN:1,(anonymous_1)
FNF:1
FNH:1
FNDA:1,(anonymous_1)
DA:1,1
DA:4,1
LF:2
LH:2
BRF:0
BRH:0
end_of_record
TN:
SF:./src/client/app/blocks/exception/exception-handler.provider.js
FN:3,(anonymous_1)
FN:15,exceptionHandlerProvider
FN:21,(anonymous_3)
FN:25,(anonymous_4)
FN:39,config
FN:52,extendExceptionHandler
FN:53,(anonymous_7)
FNF:7
FNH:1
FNDA:1,(anonymous_1)
FNDA:0,exceptionHandlerProvider
FNDA:0,(anonymous_3)
FNDA:0,(anonymous_4)
FNDA:0,config
FNDA:0,extendExceptionHandler
FNDA:0,(anonymous_7)
DA:3,1
DA:6,1
DA:15,1
DA:17,0
DA:21,0
DA:22,0
DA:25,0
DA:26,0
DA:30,1
DA:39,1
DA:40,0
DA:43,1
DA:52,1
DA:53,0
DA:54,0
DA:55,0
DA:56,0
DA:57,0
DA:67,0
LF:19
LH:7
BRDA:54,1,0,0
BRDA:54,1,1,0
BRF:2
BRH:0
end_of_record
TN:
SF:./src/client/app/blocks/exception/exception.js
FN:1,(anonymous_1)
FN:11,exception
FN:17,catcher
FN:18,(anonymous_4)
FNF:4
FNH:1
FNDA:1,(anonymous_1)
FNDA:0,exception
FNDA:0,catcher
FNDA:0,(anonymous_4)
DA:1,1
DA:4,1
DA:8,1
DA:11,1
DA:12,0
DA:15,0
DA:17,1
DA:18,0
DA:19,0
LF:9
LH:5
BRF:0
BRH:0
end_of_record
TN:
SF:./src/client/app/blocks/logger/logger.js
FN:1,(anonymous_1)
FN:11,logger
FN:27,error
FN:32,info
FN:37,success
FN:42,warning
FNF:6
FNH:1
FNDA:1,(anonymous_1)
FNDA:0,logger
FNDA:0,error
FNDA:0,info
FNDA:0,success
FNDA:0,warning
DA:1,1
DA:4,1
DA:8,1
DA:11,1
DA:12,0
DA:24,0
DA:27,1
DA:28,0
DA:29,0
DA:32,1
DA:33,0
DA:34,0
DA:37,1
DA:38,0
DA:39,0
DA:42,1
DA:43,0
DA:44,0
LF:18
LH:8
BRF:0
BRH:0
end_of_record
TN:
SF:./src/client/app/blocks/router/router-helper.provider.js
FN:2,(anonymous_1)
FN:11,routerHelperProvider
FN:20,(anonymous_3)
FN:27,RouterHelper
FN:48,configureStates
FN:49,(anonymous_6)
FN:60,handleRoutingErrors
FN:65,(anonymous_8)
FN:83,init
FN:88,getStates
FN:90,setStates
FN:93,updateDocTitle
FN:95,(anonymous_13)
FNF:13
FNH:1
FNDA:1,(anonymous_1)
FNDA:0,routerHelperProvider
FNDA:0,(anonymous_3)
FNDA:0,RouterHelper
FNDA:0,configureStates
FNDA:0,(anonymous_6)
FNDA:0,handleRoutingErrors
FNDA:0,(anonymous_8)
FNDA:0,init
FNDA:0,getStates
FNDA:0,setStates
FNDA:0,updateDocTitle
FNDA:0,(anonymous_13)
DA:2,1
DA:5,1
DA:9,1
DA:11,1
DA:13,0
DA:18,0
DA:20,0
DA:21,0
DA:24,0
DA:25,0
DA:27,1
DA:28,0
DA:29,0
DA:30,0
DA:35,0
DA:42,0
DA:44,0
DA:48,1
DA:49,0
DA:50,0
DA:52,0
DA:54,0
DA:55,0
DA:56,0
DA:60,1
DA:64,0
DA:66,0
DA:67,0
DA:69,0
DA:70,0
DA:71,0
DA:74,0
DA:77,0
DA:78,0
DA:83,1
DA:84,0
DA:85,0
DA:88,1
DA:90,1
DA:91,0
DA:93,1
DA:94,0
DA:96,0
DA:97,0
DA:98,0
DA:99,0
LF:46
LH:11
BRDA:51,1,0,0
BRDA:51,1,1,0
BRDA:54,2,0,0
BRDA:54,2,1,0
BRDA:54,3,0,0
BRDA:54,3,1,0
BRDA:66,4,0,0
BRDA:66,4,1,0
BRDA:71,5,0,0
BRDA:71,5,1,0
BRDA:71,5,2,0
BRDA:71,5,3,0
BRDA:71,5,4,0
BRDA:75,6,0,0
BRDA:75,6,1,0
BRDA:75,7,0,0
BRDA:75,7,1,0
BRDA:76,8,0,0
BRDA:76,8,1,0
BRDA:98,9,0,0
BRDA:98,9,1,0
BRF:21
BRH:0
end_of_record
TN:
SF:./src/client/app/blocks/utils/extencio.service.js
FN:1,(anonymous_1)
FN:7,Extencio
FN:13,porExtencio
FN:61,humanizedDezena
FN:79,humanizedCentena
FN:96,convertToExtensive
FN:122,humanize
FNF:7
FNH:1
FNDA:1,(anonymous_1)
FNDA:0,Extencio
FNDA:0,porExtencio
FNDA:0,humanizedDezena
FNDA:0,humanizedCentena
FNDA:0,convertToExtensive
FNDA:0,humanize
DA:1,1
DA:3,1
DA:7,1
DA:8,0
DA:11,0
DA:13,1
DA:14,0
DA:53,0
DA:55,0
DA:56,0
DA:58,0
DA:61,1
DA:62,0
DA:63,0
DA:64,0
DA:67,0
DA:68,0
DA:70,0
DA:71,0
DA:72,0
DA:73,0
DA:74,0
DA:76,0
DA:79,1
DA:80,0
DA:81,0
DA:82,0
DA:84,0
DA:85,0
DA:87,0
DA:88,0
DA:89,0
DA:92,0
DA:96,1
DA:97,0
DA:98,0
DA:100,0
DA:101,0
DA:104,0
DA:105,0
DA:108,0
DA:109,0
DA:110,0
DA:112,0
DA:114,0
DA:115,0
DA:118,0
DA:122,1
DA:123,0
DA:124,0
DA:126,0
DA:127,0
DA:128,0
DA:130,0
LF:54
LH:8
BRDA:55,1,0,0
BRDA:55,1,1,0
BRDA:63,2,0,0
BRDA:63,2,1,0
BRDA:63,3,0,0
BRDA:63,3,1,0
BRDA:73,4,0,0
BRDA:73,4,1,0
BRDA:84,5,0,0
BRDA:84,5,1,0
BRDA:84,6,0,0
BRDA:84,6,1,0
BRDA:88,7,0,0
BRDA:88,7,1,0
BRDA:100,8,0,0
BRDA:100,8,1,0
BRDA:104,9,0,0
BRDA:104,9,1,0
BRDA:108,10,0,0
BRDA:108,10,1,0
BRDA:112,11,0,0
BRDA:112,11,1,0
BRDA:114,12,0,0
BRDA:114,12,1,0
BRDA:124,13,0,0
BRDA:124,13,1,0
BRDA:124,14,0,0
BRDA:124,14,1,0
BRDA:128,15,0,0
BRDA:128,15,1,0
BRDA:128,16,0,0
BRDA:128,16,1,0
BRF:32
BRH:0
end_of_record
TN:
SF:./src/client/app/blocks/utils/ultils-textEditor.directive.js
FN:1,(anonymous_1)
FN:7,ngTextEditor
FN:18,link
FN:19,(anonymous_4)
FN:22,(anonymous_5)
FN:23,(anonymous_6)
FN:25,(anonymous_7)
FN:29,(anonymous_8)
FN:30,(anonymous_9)
FN:35,(anonymous_10)
FN:36,(anonymous_11)
FN:44,(anonymous_12)
FN:46,(anonymous_13)
FNF:13
FNH:1
FNDA:1,(anonymous_1)
FNDA:0,ngTextEditor
FNDA:0,link
FNDA:0,(anonymous_4)
FNDA:0,(anonymous_5)
FNDA:0,(anonymous_6)
FNDA:0,(anonymous_7)
FNDA:0,(anonymous_8)
FNDA:0,(anonymous_9)
FNDA:0,(anonymous_10)
FNDA:0,(anonymous_11)
FNDA:0,(anonymous_12)
FNDA:0,(anonymous_13)
DA:1,1
DA:3,1
DA:6,1
DA:7,1
DA:12,0
DA:17,0
DA:18,1
DA:19,0
DA:20,0
DA:23,0
DA:24,0
DA:25,0
DA:30,0
DA:31,0
DA:36,0
DA:37,0
DA:41,0
DA:44,0
DA:46,0
DA:49,0
LF:20
LH:5
BRF:0
BRH:0
end_of_record
TN:
SF:./src/client/app/blocks/utils/utils-functions.service.js
FN:1,(anonymous_1)
FN:8,UtilsFunctions
FN:21,formatData
FN:37,formatDataView
FN:53,removeCamposInvalidos
FN:60,soma
FN:62,(anonymous_7)
FN:73,permissao
FN:92,copiarObjecto
FN:103,porExtencio
FN:107,where
FNF:11
FNH:1
FNDA:1,(anonymous_1)
FNDA:0,UtilsFunctions
FNDA:0,formatData
FNDA:0,formatDataView
FNDA:0,removeCamposInvalidos
FNDA:0,soma
FNDA:0,(anonymous_7)
FNDA:0,permissao
FNDA:0,copiarObjecto
FNDA:0,porExtencio
FNDA:0,where
DA:1,1
DA:3,1
DA:6,1
DA:8,1
DA:9,0
DA:19,0
DA:21,1
DA:22,0
DA:23,0
DA:24,0
DA:26,0
DA:27,0
DA:28,0
DA:29,0
DA:30,0
DA:32,0
DA:34,0
DA:37,1
DA:38,0
DA:39,0
DA:40,0
DA:42,0
DA:43,0
DA:44,0
DA:45,0
DA:46,0
DA:48,0
DA:50,0
DA:53,1
DA:54,0
DA:55,0
DA:57,0
DA:60,1
DA:61,0
DA:62,0
DA:63,0
DA:64,0
DA:65,0
DA:67,0
DA:70,0
DA:73,1
DA:74,0
DA:75,0
DA:76,0
DA:77,0
DA:78,0
DA:79,0
DA:82,0
DA:83,0
DA:85,0
DA:88,0
DA:92,1
DA:93,0
DA:94,0
DA:96,0
DA:97,0
DA:98,0
DA:100,0
DA:103,1
DA:104,0
DA:107,1
DA:108,0
DA:109,0
DA:110,0
DA:111,0
DA:112,0
DA:114,0
DA:115,0
DA:119,0
LF:69
LH:12
BRDA:23,1,0,0
BRDA:23,1,1,0
BRDA:29,2,0,0
BRDA:29,2,1,0
BRDA:39,3,0,0
BRDA:39,3,1,0
BRDA:45,4,0,0
BRDA:45,4,1,0
BRDA:63,5,0,0
BRDA:63,5,1,0
BRDA:74,6,0,0
BRDA:74,6,1,0
BRDA:77,7,0,0
BRDA:77,7,1,0
BRDA:82,8,0,0
BRDA:82,8,1,0
BRDA:93,9,0,0
BRDA:93,9,1,0
BRDA:93,10,0,0
BRDA:93,10,1,0
BRDA:110,11,0,0
BRDA:110,11,1,0
BRDA:111,12,0,0
BRDA:111,12,1,0
BRF:24
BRH:0
end_of_record
TN:
SF:./src/client/app/blocks/utils/utils-keypress.directive.js
FN:33,(anonymous_1)
FN:34,(anonymous_2)
FN:36,(anonymous_3)
FN:41,(anonymous_4)
FNF:4
FNH:0
FNDA:0,(anonymous_1)
FNDA:0,(anonymous_2)
FNDA:0,(anonymous_3)
FNDA:0,(anonymous_4)
DA:33,1
DA:34,0
DA:36,0
DA:37,0
DA:40,0
DA:41,0
DA:43,0
DA:46,0
LF:8
LH:1
BRDA:37,1,0,0
BRDA:37,1,1,0
BRDA:40,2,0,0
BRDA:40,2,1,0
BRF:4
BRH:0
end_of_record
TN:
SF:./src/client/app/cadastros/categorias/categoria-modal.controller.js
FN:1,(anonymous_1)
FN:9,CategoriaModalController
FN:35,getCategorias
FN:36,(anonymous_4)
FN:41,salvar
FN:49,addCategoria
FN:56,novo
FN:57,(anonymous_8)
FN:62,editar
FN:63,(anonymous_10)
FN:68,deletar
FN:69,(anonymous_12)
FN:73,ok
FN:76,cancel
FN:82,(anonymous_15)
FNF:15
FNH:1
FNDA:1,(anonymous_1)
FNDA:0,CategoriaModalController
FNDA:0,getCategorias
FNDA:0,(anonymous_4)
FNDA:0,salvar
FNDA:0,addCategoria
FNDA:0,novo
FNDA:0,(anonymous_8)
FNDA:0,editar
FNDA:0,(anonymous_10)
FNDA:0,deletar
FNDA:0,(anonymous_12)
FNDA:0,ok
FNDA:0,cancel
FNDA:0,(anonymous_15)
DA:1,1
DA:4,1
DA:7,1
DA:9,1
DA:10,0
DA:11,0
DA:12,0
DA:13,0
DA:17,0
DA:22,0
DA:23,0
DA:24,0
DA:25,0
DA:27,0
DA:28,0
DA:29,0
DA:30,0
DA:31,0
DA:32,0
DA:33,0
DA:35,1
DA:36,0
DA:37,0
DA:41,1
DA:42,0
DA:43,0
DA:45,0
DA:46,0
DA:49,1
DA:50,0
DA:53,0
DA:56,1
DA:57,0
DA:58,0
DA:62,1
DA:63,0
DA:68,1
DA:69,0
DA:70,0
DA:73,1
DA:74,0
DA:76,1
DA:77,0
DA:79,0
DA:83,0
DA:84,0
LF:46
LH:12
BRDA:42,1,0,0
BRDA:42,1,1,0
BRF:2
BRH:0
end_of_record
TN:
SF:./src/client/app/cadastros/categorias/categoria.service.js
FN:1,(anonymous_1)
FN:8,CategoriaService
FN:22,startDataset
FN:30,read
FN:45,(anonymous_5)
FN:51,cache
FN:55,create
FN:63,(anonymous_8)
FN:68,update
FN:76,(anonymous_10)
FN:81,deletar
FN:88,(anonymous_12)
FNF:12
FNH:1
FNDA:1,(anonymous_1)
FNDA:0,CategoriaService
FNDA:0,startDataset
FNDA:0,read
FNDA:0,(anonymous_5)
FNDA:0,cache
FNDA:0,create
FNDA:0,(anonymous_8)
FNDA:0,update
FNDA:0,(anonymous_10)
FNDA:0,deletar
FNDA:0,(anonymous_12)
DA:1,1
DA:3,1
DA:6,1
DA:8,1
DA:9,0
DA:10,0
DA:11,0
DA:12,0
DA:20,0
DA:22,1
DA:23,0
DA:24,0
DA:25,0
DA:26,0
DA:27,0
DA:30,1
DA:31,0
DA:32,0
DA:33,0
DA:34,0
DA:35,0
DA:36,0
DA:38,0
DA:39,0
DA:42,0
DA:43,0
DA:44,0
DA:46,0
DA:47,0
DA:51,1
DA:52,0
DA:55,1
DA:56,0
DA:57,0
DA:58,0
DA:59,0
DA:60,0
DA:61,0
DA:62,0
DA:64,0
DA:68,1
DA:69,0
DA:70,0
DA:71,0
DA:72,0
DA:73,0
DA:74,0
DA:75,0
DA:77,0
DA:81,1
DA:82,0
DA:83,0
DA:84,0
DA:85,0
DA:86,0
DA:87,0
DA:89,0
LF:57
LH:10
BRDA:35,1,0,0
BRDA:35,1,1,0
BRDA:35,2,0,0
BRDA:35,2,1,0
BRDA:38,3,0,0
BRDA:38,3,1,0
BRDA:38,4,0,0
BRDA:38,4,1,0
BRDA:46,5,0,0
BRDA:46,5,1,0
BRF:10
BRH:0
end_of_record
TN:
SF:./src/client/app/cadastros/cliente/cliente-modal.controller.js
FN:1,(anonymous_1)
FN:9,ClienteModalController
FN:29,activite
FN:34,setDataEmi
FN:39,convDate
FN:44,readLojas
FN:47,ok
FN:50,cancel
FNF:8
FNH:1
FNDA:1,(anonymous_1)
FNDA:0,ClienteModalController
FNDA:0,activite
FNDA:0,setDataEmi
FNDA:0,convDate
FNDA:0,readLojas
FNDA:0,ok
FNDA:0,cancel
DA:1,1
DA:4,1
DA:7,1
DA:9,1
DA:10,0
DA:12,0
DA:13,0
DA:14,0
DA:15,0
DA:16,0
DA:24,0
DA:25,0
DA:27,0
DA:29,1
DA:30,0
DA:31,0
DA:34,1
DA:35,0
DA:36,0
DA:39,1
DA:40,0
DA:41,0
DA:44,1
DA:45,0
DA:47,1
DA:48,0
DA:50,1
DA:51,0
LF:28
LH:10
BRF:0
BRH:0
end_of_record
TN:
SF:./src/client/app/cadastros/cliente/cliente.controller.js
FN:1,(anonymous_1)
FN:10,ClienteController
FN:36,activate
FN:37,(anonymous_4)
FN:40,(anonymous_5)
FN:49,getCliente
FN:50,(anonymous_7)
FN:56,limparPesqAvancada
FN:63,newCliente
FN:79,(anonymous_10)
FN:85,(anonymous_11)
FN:86,(anonymous_12)
FN:93,editCliente
FN:106,(anonymous_14)
FN:112,(anonymous_15)
FN:113,(anonymous_16)
FN:121,deleteCliente
FN:130,(anonymous_18)
FN:134,(anonymous_19)
FN:141,ok
FN:142,(anonymous_21)
FN:148,cancel
FN:156,pesquisa
FN:166,(anonymous_24)
FN:170,(anonymous_25)
FN:178,limpar
FN:182,ok
FN:187,cancel
FN:194,convDate
FN:199,getLimite
FN:203,setPage
FNF:31
FNH:1
FNDA:1,(anonymous_1)
FNDA:0,ClienteController
FNDA:0,activate
FNDA:0,(anonymous_4)
FNDA:0,(anonymous_5)
FNDA:0,getCliente
FNDA:0,(anonymous_7)
FNDA:0,limparPesqAvancada
FNDA:0,newCliente
FNDA:0,(anonymous_10)
FNDA:0,(anonymous_11)
FNDA:0,(anonymous_12)
FNDA:0,editCliente
FNDA:0,(anonymous_14)
FNDA:0,(anonymous_15)
FNDA:0,(anonymous_16)
FNDA:0,deleteCliente
FNDA:0,(anonymous_18)
FNDA:0,(anonymous_19)
FNDA:0,ok
FNDA:0,(anonymous_21)
FNDA:0,cancel
FNDA:0,pesquisa
FNDA:0,(anonymous_24)
FNDA:0,(anonymous_25)
FNDA:0,limpar
FNDA:0,ok
FNDA:0,cancel
FNDA:0,convDate
FNDA:0,getLimite
FNDA:0,setPage
DA:1,1
DA:4,1
DA:8,1
DA:10,1
DA:11,0
DA:13,0
DA:14,0
DA:15,0
DA:16,0
DA:17,0
DA:18,0
DA:20,0
DA:21,0
DA:22,0
DA:23,0
DA:24,0
DA:25,0
DA:26,0
DA:27,0
DA:28,0
DA:30,0
DA:31,0
DA:32,0
DA:34,0
DA:36,1
DA:37,0
DA:38,0
DA:39,0
DA:40,0
DA:41,0
DA:44,0
DA:49,1
DA:50,0
DA:51,0
DA:52,0
DA:56,1
DA:57,0
DA:58,0
DA:59,0
DA:63,1
DA:64,0
DA:65,0
DA:66,0
DA:67,0
DA:68,0
DA:72,0
DA:80,0
DA:85,0
DA:86,0
DA:87,0
DA:93,1
DA:94,0
DA:95,0
DA:99,0
DA:107,0
DA:112,0
DA:113,0
DA:114,0
DA:121,1
DA:122,0
DA:123,0
DA:124,0
DA:131,0
DA:135,0
DA:136,0
DA:138,0
DA:139,0
DA:141,1
DA:142,0
DA:143,0
DA:145,0
DA:148,1
DA:149,0
DA:156,1
DA:157,0
DA:160,0
DA:167,0
DA:171,0
DA:172,0
DA:174,0
DA:175,0
DA:176,0
DA:178,1
DA:179,0
DA:182,1
DA:183,0
DA:184,0
DA:187,1
DA:188,0
DA:194,1
DA:195,0
DA:196,0
DA:199,1
DA:200,0
DA:201,0
DA:203,1
DA:204,0
LF:97
LH:19
BRDA:38,1,0,0
BRDA:38,1,1,0
BRDA:64,2,0,0
BRDA:64,2,1,0
BRDA:94,3,0,0
BRDA:94,3,1,0
BRDA:122,4,0,0
BRDA:122,4,1,0
BRF:8
BRH:0
end_of_record
TN:
SF:./src/client/app/cadastros/cliente/cliente.route.js
FN:1,(anonymous_1)
FN:10,appRun
FN:14,getStates
FNF:3
FNH:1
FNDA:1,(anonymous_1)
FNDA:0,appRun
FNDA:0,getStates
DA:1,1
DA:4,1
DA:8,1
DA:10,1
DA:11,0
DA:14,1
DA:15,0
LF:7
LH:5
BRF:0
BRH:0
end_of_record
TN:
SF:./src/client/app/cadastros/cliente/cliente.service.js
FN:1,(anonymous_1)
FN:8,ClienteService
FN:33,startDataset
FN:40,read
FN:60,(anonymous_5)
FN:65,create
FN:77,(anonymous_7)
FN:82,update
FN:94,(anonymous_9)
FN:99,deletar
FN:107,(anonymous_11)
FN:111,verificarPermissao
FN:116,getLojas
FNF:13
FNH:1
FNDA:1,(anonymous_1)
FNDA:0,ClienteService
FNDA:0,startDataset
FNDA:0,read
FNDA:0,(anonymous_5)
FNDA:0,create
FNDA:0,(anonymous_7)
FNDA:0,update
FNDA:0,(anonymous_9)
FNDA:0,deletar
FNDA:0,(anonymous_11)
FNDA:0,verificarPermissao
FNDA:0,getLojas
DA:1,1
DA:3,1
DA:6,1
DA:8,1
DA:9,0
DA:11,0
DA:13,0
DA:17,0
DA:18,0
DA:19,0
DA:20,0
DA:21,0
DA:31,0
DA:33,1
DA:34,0
DA:35,0
DA:36,0
DA:37,0
DA:40,1
DA:41,0
DA:42,0
DA:43,0
DA:44,0
DA:45,0
DA:47,0
DA:48,0
DA:50,0
DA:51,0
DA:53,0
DA:54,0
DA:56,0
DA:57,0
DA:58,0
DA:59,0
DA:61,0
DA:65,1
DA:66,0
DA:67,0
DA:68,0
DA:69,0
DA:70,0
DA:71,0
DA:72,0
DA:73,0
DA:74,0
DA:75,0
DA:76,0
DA:78,0
DA:82,1
DA:83,0
DA:84,0
DA:85,0
DA:86,0
DA:87,0
DA:88,0
DA:89,0
DA:90,0
DA:91,0
DA:92,0
DA:93,0
DA:95,0
DA:99,1
DA:100,0
DA:101,0
DA:102,0
DA:103,0
DA:104,0
DA:105,0
DA:106,0
DA:108,0
DA:111,1
DA:112,0
DA:113,0
DA:116,1
DA:117,0
DA:118,0
LF:76
LH:11
BRDA:44,1,0,0
BRDA:44,1,1,0
BRDA:47,2,0,0
BRDA:47,2,1,0
BRDA:47,3,0,0
BRDA:47,3,1,0
BRDA:50,4,0,0
BRDA:50,4,1,0
BRDA:50,5,0,0
BRDA:50,5,1,0
BRDA:53,6,0,0
BRDA:53,6,1,0
BRF:12
BRH:0
end_of_record
TN:
SF:./src/client/app/cadastros/item/item-modal.controller.js
FN:1,(anonymous_1)
FN:9,ItemModalController
FN:14,(anonymous_3)
FN:34,activite
FN:38,zoomImg
FN:48,(anonymous_6)
FN:54,(anonymous_7)
FN:63,ok
FN:66,cancel
FNF:9
FNH:1
FNDA:1,(anonymous_1)
FNDA:0,ItemModalController
FNDA:0,(anonymous_3)
FNDA:0,activite
FNDA:0,zoomImg
FNDA:0,(anonymous_6)
FNDA:0,(anonymous_7)
FNDA:0,ok
FNDA:0,cancel
DA:1,1
DA:4,1
DA:7,1
DA:9,1
DA:10,0
DA:11,0
DA:12,0
DA:15,0
DA:16,0
DA:20,0
DA:21,0
DA:22,0
DA:23,0
DA:24,0
DA:25,0
DA:26,0
DA:27,0
DA:29,0
DA:30,0
DA:32,0
DA:34,1
DA:35,0
DA:38,1
DA:39,0
DA:42,0
DA:49,0
DA:54,0
DA:55,0
DA:56,0
DA:57,0
DA:59,0
DA:63,1
DA:64,0
DA:66,1
DA:67,0
LF:35
LH:8
BRDA:55,1,0,0
BRDA:55,1,1,0
BRF:2
BRH:0
end_of_record
TN:
SF:./src/client/app/cadastros/item/item-sel-modal.controller.js
FN:1,(anonymous_1)
FN:9,ItemSelModalController
FN:31,activate
FN:33,(anonymous_4)
FN:39,addRemItem
FN:51,calcular
FN:65,keypress
FN:73,getItem
FN:74,(anonymous_9)
FN:80,getLimite
FN:84,setPage
FN:88,ok
FN:96,cancel
FNF:13
FNH:1
FNDA:1,(anonymous_1)
FNDA:0,ItemSelModalController
FNDA:0,activate
FNDA:0,(anonymous_4)
FNDA:0,addRemItem
FNDA:0,calcular
FNDA:0,keypress
FNDA:0,getItem
FNDA:0,(anonymous_9)
FNDA:0,getLimite
FNDA:0,setPage
FNDA:0,ok
FNDA:0,cancel
DA:1,1
DA:4,1
DA:7,1
DA:9,1
DA:10,0
DA:11,0
DA:12,0
DA:13,0
DA:14,0
DA:15,0
DA:16,0
DA:17,0
DA:18,0
DA:19,0
DA:21,0
DA:22,0
DA:23,0
DA:24,0
DA:25,0
DA:26,0
DA:28,0
DA:31,1
DA:32,0
DA:33,0
DA:34,0
DA:39,1
DA:40,0
DA:41,0
DA:42,0
DA:43,0
DA:44,0
DA:45,0
DA:47,0
DA:48,0
DA:51,1
DA:53,0
DA:54,0
DA:55,0
DA:58,0
DA:59,0
DA:60,0
DA:65,1
DA:66,0
DA:67,0
DA:68,0
DA:73,1
DA:74,0
DA:75,0
DA:76,0
DA:80,1
DA:81,0
DA:82,0
DA:84,1
DA:85,0
DA:88,1
DA:89,0
DA:90,0
DA:91,0
DA:93,0
DA:96,1
DA:97,0
LF:61
LH:13
BRDA:40,1,0,0
BRDA:40,1,1,0
BRDA:40,2,0,0
BRDA:40,2,1,0
BRDA:53,3,0,0
BRDA:53,3,1,0
BRDA:54,4,0,0
BRDA:54,4,1,0
BRDA:54,5,0,0
BRDA:54,5,1,0
BRDA:58,6,0,0
BRDA:58,6,1,0
BRDA:58,7,0,0
BRDA:58,7,1,0
BRDA:66,8,0,0
BRDA:66,8,1,0
BRDA:67,9,0,0
BRDA:67,9,1,0
BRDA:89,10,0,0
BRDA:89,10,1,0
BRF:20
BRH:0
end_of_record
TN:
SF:./src/client/app/cadastros/item/item.controller.js
FN:1,(anonymous_1)
FN:10,ItemController
FN:49,activate
FN:50,(anonymous_4)
FN:53,(anonymous_5)
FN:62,getItem
FN:63,(anonymous_7)
FN:69,getCategorias
FN:70,(anonymous_9)
FN:75,getSubCategorias
FN:76,(anonymous_11)
FN:81,pesquisaAvancada
FN:85,limparPesqAvancada
FN:93,newItem
FN:111,(anonymous_15)
FN:117,(anonymous_16)
FN:118,(anonymous_17)
FN:125,editItem
FN:140,(anonymous_19)
FN:146,(anonymous_20)
FN:147,(anonymous_21)
FN:155,deleteItem
FN:164,(anonymous_23)
FN:168,(anonymous_24)
FN:175,ok
FN:176,(anonymous_26)
FN:182,cancel
FN:190,pesquisa
FN:202,(anonymous_29)
FN:206,(anonymous_30)
FN:216,limpar
FN:220,ok
FN:225,cancel
FN:232,cadCategoria
FN:241,(anonymous_35)
FN:247,(anonymous_36)
FN:253,cadSubCategoria
FN:266,(anonymous_38)
FN:272,(anonymous_39)
FN:279,getLimite
FN:283,setPage
FNF:41
FNH:1
FNDA:1,(anonymous_1)
FNDA:0,ItemController
FNDA:0,activate
FNDA:0,(anonymous_4)
FNDA:0,(anonymous_5)
FNDA:0,getItem
FNDA:0,(anonymous_7)
FNDA:0,getCategorias
FNDA:0,(anonymous_9)
FNDA:0,getSubCategorias
FNDA:0,(anonymous_11)
FNDA:0,pesquisaAvancada
FNDA:0,limparPesqAvancada
FNDA:0,newItem
FNDA:0,(anonymous_15)
FNDA:0,(anonymous_16)
FNDA:0,(anonymous_17)
FNDA:0,editItem
FNDA:0,(anonymous_19)
FNDA:0,(anonymous_20)
FNDA:0,(anonymous_21)
FNDA:0,deleteItem
FNDA:0,(anonymous_23)
FNDA:0,(anonymous_24)
FNDA:0,ok
FNDA:0,(anonymous_26)
FNDA:0,cancel
FNDA:0,pesquisa
FNDA:0,(anonymous_29)
FNDA:0,(anonymous_30)
FNDA:0,limpar
FNDA:0,ok
FNDA:0,cancel
FNDA:0,cadCategoria
FNDA:0,(anonymous_35)
FNDA:0,(anonymous_36)
FNDA:0,cadSubCategoria
FNDA:0,(anonymous_38)
FNDA:0,(anonymous_39)
FNDA:0,getLimite
FNDA:0,setPage
DA:1,1
DA:4,1
DA:8,1
DA:10,1
DA:11,0
DA:13,0
DA:14,0
DA:15,0
DA:16,0
DA:17,0
DA:18,0
DA:19,0
DA:20,0
DA:21,0
DA:25,0
DA:29,0
DA:30,0
DA:31,0
DA:32,0
DA:33,0
DA:34,0
DA:35,0
DA:36,0
DA:37,0
DA:38,0
DA:39,0
DA:40,0
DA:41,0
DA:43,0
DA:44,0
DA:45,0
DA:47,0
DA:49,1
DA:50,0
DA:51,0
DA:52,0
DA:53,0
DA:54,0
DA:57,0
DA:62,1
DA:63,0
DA:64,0
DA:65,0
DA:69,1
DA:70,0
DA:71,0
DA:75,1
DA:76,0
DA:77,0
DA:81,1
DA:82,0
DA:83,0
DA:85,1
DA:86,0
DA:87,0
DA:88,0
DA:89,0
DA:93,1
DA:94,0
DA:95,0
DA:96,0
DA:97,0
DA:98,0
DA:104,0
DA:112,0
DA:117,0
DA:118,0
DA:119,0
DA:125,1
DA:126,0
DA:127,0
DA:133,0
DA:141,0
DA:146,0
DA:147,0
DA:155,1
DA:156,0
DA:157,0
DA:158,0
DA:165,0
DA:169,0
DA:170,0
DA:172,0
DA:173,0
DA:175,1
DA:176,0
DA:177,0
DA:179,0
DA:182,1
DA:183,0
DA:190,1
DA:191,0
DA:196,0
DA:203,0
DA:207,0
DA:208,0
DA:209,0
DA:210,0
DA:212,0
DA:213,0
DA:214,0
DA:216,1
DA:217,0
DA:220,1
DA:221,0
DA:222,0
DA:225,1
DA:226,0
DA:232,1
DA:233,0
DA:234,0
DA:242,0
DA:247,0
DA:248,0
DA:253,1
DA:254,0
DA:255,0
DA:259,0
DA:267,0
DA:272,0
DA:273,0
DA:279,1
DA:280,0
DA:281,0
DA:283,1
DA:284,0
LF:126
LH:23
BRDA:51,1,0,0
BRDA:51,1,1,0
BRDA:94,2,0,0
BRDA:94,2,1,0
BRDA:126,3,0,0
BRDA:126,3,1,0
BRDA:156,4,0,0
BRDA:156,4,1,0
BRDA:233,5,0,0
BRDA:233,5,1,0
BRDA:254,6,0,0
BRDA:254,6,1,0
BRF:12
BRH:0
end_of_record
TN:
SF:./src/client/app/cadastros/item/item.route.js
FN:1,(anonymous_1)
FN:10,appRun
FN:14,getStates
FNF:3
FNH:1
FNDA:1,(anonymous_1)
FNDA:0,appRun
FNDA:0,getStates
DA:1,1
DA:4,1
DA:8,1
DA:10,1
DA:11,0
DA:14,1
DA:15,0
LF:7
LH:5
BRF:0
BRH:0
end_of_record
TN:
SF:./src/client/app/cadastros/item/item.service.js
FN:1,(anonymous_1)
FN:8,ItemService
FN:37,startDataset
FN:47,read
FN:80,(anonymous_5)
FN:85,cache
FN:88,create
FN:98,(anonymous_8)
FN:103,update
FN:113,(anonymous_10)
FN:118,deletar
FN:126,(anonymous_12)
FN:130,verificarPermissao
FN:135,upload
FN:147,getLojas
FNF:15
FNH:1
FNDA:1,(anonymous_1)
FNDA:0,ItemService
FNDA:0,startDataset
FNDA:0,read
FNDA:0,(anonymous_5)
FNDA:0,cache
FNDA:0,create
FNDA:0,(anonymous_8)
FNDA:0,update
FNDA:0,(anonymous_10)
FNDA:0,deletar
FNDA:0,(anonymous_12)
FNDA:0,verificarPermissao
FNDA:0,upload
FNDA:0,getLojas
DA:1,1
DA:3,1
DA:6,1
DA:8,1
DA:9,0
DA:13,0
DA:16,0
DA:20,0
DA:21,0
DA:22,0
DA:23,0
DA:24,0
DA:35,0
DA:37,1
DA:38,0
DA:39,0
DA:40,0
DA:41,0
DA:42,0
DA:43,0
DA:44,0
DA:47,1
DA:48,0
DA:49,0
DA:50,0
DA:51,0
DA:52,0
DA:54,0
DA:55,0
DA:57,0
DA:58,0
DA:60,0
DA:61,0
DA:63,0
DA:64,0
DA:66,0
DA:67,0
DA:69,0
DA:70,0
DA:74,0
DA:75,0
DA:76,0
DA:77,0
DA:78,0
DA:79,0
DA:81,0
DA:82,0
DA:85,1
DA:86,0
DA:88,1
DA:89,0
DA:90,0
DA:91,0
DA:92,0
DA:93,0
DA:94,0
DA:95,0
DA:96,0
DA:97,0
DA:99,0
DA:103,1
DA:104,0
DA:105,0
DA:106,0
DA:107,0
DA:108,0
DA:109,0
DA:110,0
DA:111,0
DA:112,0
DA:114,0
DA:118,1
DA:119,0
DA:120,0
DA:121,0
DA:122,0
DA:123,0
DA:124,0
DA:125,0
DA:127,0
DA:130,1
DA:131,0
DA:132,0
DA:135,1
DA:136,0
DA:137,0
DA:138,0
DA:144,0
DA:147,1
DA:148,0
DA:149,0
LF:91
LH:13
BRDA:51,1,0,0
BRDA:51,1,1,0
BRDA:54,2,0,0
BRDA:54,2,1,0
BRDA:54,3,0,0
BRDA:54,3,1,0
BRDA:57,4,0,0
BRDA:57,4,1,0
BRDA:57,5,0,0
BRDA:57,5,1,0
BRDA:60,6,0,0
BRDA:60,6,1,0
BRDA:63,7,0,0
BRDA:63,7,1,0
BRDA:66,8,0,0
BRDA:66,8,1,0
BRDA:69,9,0,0
BRDA:69,9,1,0
BRDA:81,10,0,0
BRDA:81,10,1,0
BRF:20
BRH:0
end_of_record
TN:
SF:./src/client/app/cadastros/item/zoom-img.contrller.js
FN:1,(anonymous_1)
FN:9,ZoomImgController
FN:18,ok
FN:21,cancel
FNF:4
FNH:1
FNDA:1,(anonymous_1)
FNDA:0,ZoomImgController
FNDA:0,ok
FNDA:0,cancel
DA:1,1
DA:4,1
DA:7,1
DA:9,1
DA:10,0
DA:11,0
DA:12,0
DA:13,0
DA:15,0
DA:16,0
DA:18,1
DA:19,0
DA:21,1
DA:22,0
LF:14
LH:6
BRF:0
BRH:0
end_of_record
TN:
SF:./src/client/app/cadastros/modulossys/modulos-modal.controller.js
FN:1,(anonymous_1)
FN:9,ModulosModalController
FN:24,getModulos
FN:25,(anonymous_4)
FN:31,getModGr
FN:32,(anonymous_6)
FN:36,filtrarModPerfil
FN:48,ok
FN:52,cancel
FNF:9
FNH:1
FNDA:1,(anonymous_1)
FNDA:0,ModulosModalController
FNDA:0,getModulos
FNDA:0,(anonymous_4)
FNDA:0,getModGr
FNDA:0,(anonymous_6)
FNDA:0,filtrarModPerfil
FNDA:0,ok
FNDA:0,cancel
DA:1,1
DA:4,1
DA:7,1
DA:9,1
DA:10,0
DA:11,0
DA:12,0
DA:13,0
DA:14,0
DA:15,0
DA:17,0
DA:18,0
DA:19,0
DA:21,0
DA:22,0
DA:24,1
DA:25,0
DA:26,0
DA:27,0
DA:31,1
DA:32,0
DA:33,0
DA:36,1
DA:38,0
DA:39,0
DA:40,0
DA:41,0
DA:42,0
DA:46,0
DA:48,1
DA:49,0
DA:50,0
DA:52,1
DA:53,0
LF:34
LH:9
BRDA:41,1,0,0
BRDA:41,1,1,0
BRF:2
BRH:0
end_of_record
TN:
SF:./src/client/app/cadastros/modulossys/modulos.service.js
FN:1,(anonymous_1)
FN:8,ModulosService
FN:23,startDataset
FN:30,startDatasetMgr
FN:37,readMgr
FN:43,(anonymous_6)
FN:48,read
FN:63,(anonymous_8)
FN:69,create
FN:76,(anonymous_10)
FN:81,update
FN:89,(anonymous_12)
FN:94,deletar
FN:101,(anonymous_14)
FNF:14
FNH:1
FNDA:1,(anonymous_1)
FNDA:0,ModulosService
FNDA:0,startDataset
FNDA:0,startDatasetMgr
FNDA:0,readMgr
FNDA:0,(anonymous_6)
FNDA:0,read
FNDA:0,(anonymous_8)
FNDA:0,create
FNDA:0,(anonymous_10)
FNDA:0,update
FNDA:0,(anonymous_12)
FNDA:0,deletar
FNDA:0,(anonymous_14)
DA:1,1
DA:3,1
DA:6,1
DA:8,1
DA:9,0
DA:10,0
DA:11,0
DA:12,0
DA:13,0
DA:21,0
DA:23,1
DA:24,0
DA:25,0
DA:26,0
DA:27,0
DA:28,0
DA:30,1
DA:31,0
DA:32,0
DA:33,0
DA:34,0
DA:37,1
DA:38,0
DA:39,0
DA:40,0
DA:41,0
DA:42,0
DA:44,0
DA:48,1
DA:49,0
DA:50,0
DA:51,0
DA:52,0
DA:53,0
DA:55,0
DA:56,0
DA:59,0
DA:60,0
DA:61,0
DA:62,0
DA:64,0
DA:65,0
DA:69,1
DA:70,0
DA:71,0
DA:72,0
DA:73,0
DA:74,0
DA:75,0
DA:77,0
DA:81,1
DA:82,0
DA:83,0
DA:84,0
DA:85,0
DA:86,0
DA:87,0
DA:88,0
DA:90,0
DA:94,1
DA:95,0
DA:96,0
DA:97,0
DA:98,0
DA:99,0
DA:100,0
DA:102,0
LF:67
LH:11
BRDA:52,1,0,0
BRDA:52,1,1,0
BRDA:55,2,0,0
BRDA:55,2,1,0
BRDA:64,3,0,0
BRDA:64,3,1,0
BRF:6
BRH:0
end_of_record
TN:
SF:./src/client/app/cadastros/perfil/mod-perfil.service.js
FN:1,(anonymous_1)
FN:8,ModPerfilService
FN:23,startDataset
FN:32,read
FN:48,(anonymous_5)
FN:54,cache
FN:58,create
FN:68,(anonymous_8)
FN:73,update
FN:84,(anonymous_10)
FN:89,deletar
FN:96,(anonymous_12)
FNF:12
FNH:1
FNDA:1,(anonymous_1)
FNDA:0,ModPerfilService
FNDA:0,startDataset
FNDA:0,read
FNDA:0,(anonymous_5)
FNDA:0,cache
FNDA:0,create
FNDA:0,(anonymous_8)
FNDA:0,update
FNDA:0,(anonymous_10)
FNDA:0,deletar
FNDA:0,(anonymous_12)
DA:1,1
DA:3,1
DA:6,1
DA:8,1
DA:9,0
DA:10,0
DA:11,0
DA:12,0
DA:13,0
DA:14,0
DA:21,0
DA:23,1
DA:24,0
DA:25,0
DA:26,0
DA:27,0
DA:28,0
DA:29,0
DA:32,1
DA:33,0
DA:34,0
DA:35,0
DA:36,0
DA:37,0
DA:38,0
DA:40,0
DA:41,0
DA:43,0
DA:44,0
DA:45,0
DA:46,0
DA:47,0
DA:49,0
DA:50,0
DA:54,1
DA:55,0
DA:58,1
DA:59,0
DA:60,0
DA:61,0
DA:62,0
DA:63,0
DA:65,0
DA:66,0
DA:67,0
DA:69,0
DA:73,1
DA:74,0
DA:75,0
DA:76,0
DA:77,0
DA:78,0
DA:80,0
DA:81,0
DA:82,0
DA:83,0
DA:85,0
DA:89,1
DA:90,0
DA:91,0
DA:92,0
DA:93,0
DA:94,0
DA:95,0
DA:97,0
LF:65
LH:10
BRDA:37,1,0,0
BRDA:37,1,1,0
BRDA:37,2,0,0
BRDA:37,2,1,0
BRDA:40,3,0,0
BRDA:40,3,1,0
BRDA:40,4,0,0
BRDA:40,4,1,0
BRDA:49,5,0,0
BRDA:49,5,1,0
BRF:10
BRH:0
end_of_record
TN:
SF:./src/client/app/cadastros/perfil/perfil-mod-modal.controller.js
FN:1,(anonymous_1)
FN:9,PerfilModModalController
FN:25,getModPerfil
FN:26,(anonymous_4)
FN:30,incModulos
FN:38,(anonymous_6)
FN:44,(anonymous_7)
FN:49,(anonymous_8)
FN:54,deletar
FN:55,(anonymous_10)
FN:59,ok
FN:62,cancel
FNF:12
FNH:1
FNDA:1,(anonymous_1)
FNDA:0,PerfilModModalController
FNDA:0,getModPerfil
FNDA:0,(anonymous_4)
FNDA:0,incModulos
FNDA:0,(anonymous_6)
FNDA:0,(anonymous_7)
FNDA:0,(anonymous_8)
FNDA:0,deletar
FNDA:0,(anonymous_10)
FNDA:0,ok
FNDA:0,cancel
DA:1,1
DA:4,1
DA:7,1
DA:9,1
DA:10,0
DA:11,0
DA:12,0
DA:13,0
DA:14,0
DA:16,0
DA:17,0
DA:18,0
DA:19,0
DA:20,0
DA:23,0
DA:25,1
DA:26,0
DA:27,0
DA:30,1
DA:31,0
DA:39,0
DA:44,0
DA:45,0
DA:46,0
DA:47,0
DA:49,0
DA:50,0
DA:54,1
DA:55,0
DA:56,0
DA:59,1
DA:60,0
DA:62,1
DA:63,0
LF:34
LH:9
BRF:0
BRH:0
end_of_record
TN:
SF:./src/client/app/cadastros/perfil/perfil-modal.controller.js
FN:1,(anonymous_1)
FN:9,PerfilModalController
FN:28,getPerfils
FN:29,(anonymous_4)
FN:34,salvar
FN:42,addNovoReg
FN:49,addModulos
FN:57,(anonymous_8)
FN:63,(anonymous_9)
FN:68,novo
FN:69,(anonymous_11)
FN:74,editar
FN:75,(anonymous_13)
FN:80,deletar
FN:81,(anonymous_15)
FN:85,ok
FN:88,cancel
FN:94,(anonymous_18)
FNF:18
FNH:1
FNDA:1,(anonymous_1)
FNDA:0,PerfilModalController
FNDA:0,getPerfils
FNDA:0,(anonymous_4)
FNDA:0,salvar
FNDA:0,addNovoReg
FNDA:0,addModulos
FNDA:0,(anonymous_8)
FNDA:0,(anonymous_9)
FNDA:0,novo
FNDA:0,(anonymous_11)
FNDA:0,editar
FNDA:0,(anonymous_13)
FNDA:0,deletar
FNDA:0,(anonymous_15)
FNDA:0,ok
FNDA:0,cancel
FNDA:0,(anonymous_18)
DA:1,1
DA:4,1
DA:7,1
DA:9,1
DA:10,0
DA:11,0
DA:12,0
DA:14,0
DA:15,0
DA:16,0
DA:17,0
DA:19,0
DA:20,0
DA:21,0
DA:22,0
DA:23,0
DA:24,0
DA:25,0
DA:26,0
DA:28,1
DA:29,0
DA:30,0
DA:34,1
DA:35,0
DA:36,0
DA:38,0
DA:39,0
DA:42,1
DA:43,0
DA:46,0
DA:49,1
DA:50,0
DA:58,0
DA:63,0
DA:68,1
DA:69,0
DA:70,0
DA:74,1
DA:75,0
DA:80,1
DA:81,0
DA:82,0
DA:85,1
DA:86,0
DA:88,1
DA:89,0
DA:91,0
DA:95,0
DA:96,0
LF:49
LH:13
BRDA:35,1,0,0
BRDA:35,1,1,0
BRF:2
BRH:0
end_of_record
TN:
SF:./src/client/app/cadastros/perfil/perfil.service.js
FN:1,(anonymous_1)
FN:8,PerfilService
FN:23,startDataset
FN:31,read
FN:46,(anonymous_5)
FN:52,create
FN:60,(anonymous_7)
FN:65,update
FN:73,(anonymous_9)
FN:78,deletar
FN:85,(anonymous_11)
FN:92,cadPerfil
FN:100,(anonymous_13)
FN:105,(anonymous_14)
FNF:14
FNH:1
FNDA:1,(anonymous_1)
FNDA:0,PerfilService
FNDA:0,startDataset
FNDA:0,read
FNDA:0,(anonymous_5)
FNDA:0,create
FNDA:0,(anonymous_7)
FNDA:0,update
FNDA:0,(anonymous_9)
FNDA:0,deletar
FNDA:0,(anonymous_11)
FNDA:0,cadPerfil
FNDA:0,(anonymous_13)
FNDA:0,(anonymous_14)
DA:1,1
DA:3,1
DA:6,1
DA:8,1
DA:9,0
DA:10,0
DA:11,0
DA:12,0
DA:21,0
DA:23,1
DA:24,0
DA:25,0
DA:26,0
DA:27,0
DA:28,0
DA:31,1
DA:32,0
DA:33,0
DA:34,0
DA:35,0
DA:36,0
DA:37,0
DA:39,0
DA:40,0
DA:43,0
DA:44,0
DA:45,0
DA:47,0
DA:48,0
DA:52,1
DA:53,0
DA:54,0
DA:55,0
DA:56,0
DA:57,0
DA:58,0
DA:59,0
DA:61,0
DA:65,1
DA:66,0
DA:67,0
DA:68,0
DA:69,0
DA:70,0
DA:71,0
DA:72,0
DA:74,0
DA:78,1
DA:79,0
DA:80,0
DA:81,0
DA:82,0
DA:83,0
DA:84,0
DA:86,0
DA:92,1
DA:93,0
DA:101,0
DA:105,0
DA:106,0
LF:60
LH:10
BRDA:36,1,0,0
BRDA:36,1,1,0
BRDA:36,2,0,0
BRDA:36,2,1,0
BRDA:39,3,0,0
BRDA:39,3,1,0
BRDA:39,4,0,0
BRDA:39,4,1,0
BRDA:47,5,0,0
BRDA:47,5,1,0
BRF:10
BRH:0
end_of_record
TN:
SF:./src/client/app/cadastros/subcategorias/subcategoria-modal.controller.js
FN:1,(anonymous_1)
FN:9,SubCategoriaModalController
FN:28,getSubCategorias
FN:29,(anonymous_4)
FN:34,salvar
FN:42,addNovoReg
FN:50,novo
FN:51,(anonymous_8)
FN:56,editar
FN:57,(anonymous_10)
FN:62,deletar
FN:63,(anonymous_12)
FN:67,ok
FN:70,cancel
FN:76,(anonymous_15)
FNF:15
FNH:1
FNDA:1,(anonymous_1)
FNDA:0,SubCategoriaModalController
FNDA:0,getSubCategorias
FNDA:0,(anonymous_4)
FNDA:0,salvar
FNDA:0,addNovoReg
FNDA:0,novo
FNDA:0,(anonymous_8)
FNDA:0,editar
FNDA:0,(anonymous_10)
FNDA:0,deletar
FNDA:0,(anonymous_12)
FNDA:0,ok
FNDA:0,cancel
FNDA:0,(anonymous_15)
DA:1,1
DA:4,1
DA:7,1
DA:9,1
DA:10,0
DA:11,0
DA:12,0
DA:13,0
DA:15,0
DA:16,0
DA:17,0
DA:18,0
DA:20,0
DA:21,0
DA:22,0
DA:23,0
DA:24,0
DA:25,0
DA:26,0
DA:28,1
DA:29,0
DA:30,0
DA:34,1
DA:35,0
DA:36,0
DA:38,0
DA:39,0
DA:42,1
DA:43,0
DA:47,0
DA:50,1
DA:51,0
DA:52,0
DA:56,1
DA:57,0
DA:58,0
DA:62,1
DA:63,0
DA:64,0
DA:67,1
DA:68,0
DA:70,1
DA:71,0
DA:73,0
DA:77,0
DA:78,0
LF:46
LH:12
BRDA:35,1,0,0
BRDA:35,1,1,0
BRF:2
BRH:0
end_of_record
TN:
SF:./src/client/app/cadastros/subcategorias/subcategoria.service.js
FN:1,(anonymous_1)
FN:8,SubCategoriaService
FN:24,startDataset
FN:34,read
FN:52,(anonymous_5)
FN:57,cache
FN:61,create
FN:71,(anonymous_8)
FN:76,update
FN:86,(anonymous_10)
FN:91,deletar
FN:99,(anonymous_12)
FNF:12
FNH:1
FNDA:1,(anonymous_1)
FNDA:0,SubCategoriaService
FNDA:0,startDataset
FNDA:0,read
FNDA:0,(anonymous_5)
FNDA:0,cache
FNDA:0,create
FNDA:0,(anonymous_8)
FNDA:0,update
FNDA:0,(anonymous_10)
FNDA:0,deletar
FNDA:0,(anonymous_12)
DA:1,1
DA:3,1
DA:6,1
DA:8,1
DA:9,0
DA:10,0
DA:11,0
DA:12,0
DA:13,0
DA:14,0
DA:15,0
DA:22,0
DA:24,1
DA:25,0
DA:26,0
DA:27,0
DA:28,0
DA:29,0
DA:30,0
DA:31,0
DA:34,1
DA:35,0
DA:36,0
DA:37,0
DA:38,0
DA:39,0
DA:41,0
DA:42,0
DA:45,0
DA:46,0
DA:47,0
DA:48,0
DA:49,0
DA:50,0
DA:51,0
DA:53,0
DA:54,0
DA:57,1
DA:58,0
DA:61,1
DA:62,0
DA:63,0
DA:64,0
DA:65,0
DA:66,0
DA:67,0
DA:68,0
DA:69,0
DA:70,0
DA:72,0
DA:76,1
DA:77,0
DA:78,0
DA:79,0
DA:80,0
DA:81,0
DA:82,0
DA:83,0
DA:84,0
DA:85,0
DA:87,0
DA:91,1
DA:92,0
DA:93,0
DA:94,0
DA:95,0
DA:96,0
DA:97,0
DA:98,0
DA:100,0
LF:70
LH:10
BRDA:38,1,0,0
BRDA:38,1,1,0
BRDA:38,2,0,0
BRDA:38,2,1,0
BRDA:41,3,0,0
BRDA:41,3,1,0
BRDA:41,4,0,0
BRDA:41,4,1,0
BRDA:53,5,0,0
BRDA:53,5,1,0
BRF:10
BRH:0
end_of_record
TN:
SF:./src/client/app/cadastros/unidademedida/unidade-modal.controller.js
FN:1,(anonymous_1)
FN:9,UnidadeModalController
FN:27,getUnidades
FN:28,(anonymous_4)
FN:33,salvar
FN:41,addNovoReg
FN:49,novo
FN:50,(anonymous_8)
FN:55,editar
FN:56,(anonymous_10)
FN:61,deletar
FN:62,(anonymous_12)
FN:66,ok
FN:69,cancel
FN:75,(anonymous_15)
FNF:15
FNH:1
FNDA:1,(anonymous_1)
FNDA:0,UnidadeModalController
FNDA:0,getUnidades
FNDA:0,(anonymous_4)
FNDA:0,salvar
FNDA:0,addNovoReg
FNDA:0,novo
FNDA:0,(anonymous_8)
FNDA:0,editar
FNDA:0,(anonymous_10)
FNDA:0,deletar
FNDA:0,(anonymous_12)
FNDA:0,ok
FNDA:0,cancel
FNDA:0,(anonymous_15)
DA:1,1
DA:4,1
DA:7,1
DA:9,1
DA:10,0
DA:11,0
DA:12,0
DA:14,0
DA:15,0
DA:16,0
DA:17,0
DA:19,0
DA:20,0
DA:21,0
DA:22,0
DA:23,0
DA:24,0
DA:25,0
DA:27,1
DA:28,0
DA:29,0
DA:33,1
DA:34,0
DA:35,0
DA:37,0
DA:38,0
DA:41,1
DA:42,0
DA:46,0
DA:49,1
DA:50,0
DA:51,0
DA:55,1
DA:56,0
DA:61,1
DA:62,0
DA:63,0
DA:66,1
DA:67,0
DA:69,1
DA:70,0
DA:72,0
DA:76,0
DA:77,0
LF:44
LH:12
BRDA:34,1,0,0
BRDA:34,1,1,0
BRF:2
BRH:0
end_of_record
TN:
SF:./src/client/app/cadastros/unidademedida/unidade.service.js
FN:1,(anonymous_1)
FN:8,UnidadeService
FN:21,startDataset
FN:29,read
FN:44,(anonymous_5)
FN:50,create
FN:58,(anonymous_7)
FN:63,update
FN:71,(anonymous_9)
FN:76,deletar
FN:83,(anonymous_11)
FNF:11
FNH:1
FNDA:1,(anonymous_1)
FNDA:0,UnidadeService
FNDA:0,startDataset
FNDA:0,read
FNDA:0,(anonymous_5)
FNDA:0,create
FNDA:0,(anonymous_7)
FNDA:0,update
FNDA:0,(anonymous_9)
FNDA:0,deletar
FNDA:0,(anonymous_11)
DA:1,1
DA:3,1
DA:6,1
DA:8,1
DA:9,0
DA:10,0
DA:11,0
DA:12,0
DA:19,0
DA:21,1
DA:22,0
DA:23,0
DA:24,0
DA:25,0
DA:26,0
DA:29,1
DA:30,0
DA:31,0
DA:32,0
DA:33,0
DA:34,0
DA:37,0
DA:38,0
DA:40,0
DA:41,0
DA:42,0
DA:43,0
DA:45,0
DA:46,0
DA:50,1
DA:51,0
DA:52,0
DA:53,0
DA:54,0
DA:55,0
DA:56,0
DA:57,0
DA:59,0
DA:63,1
DA:64,0
DA:65,0
DA:66,0
DA:67,0
DA:68,0
DA:69,0
DA:70,0
DA:72,0
DA:76,1
DA:77,0
DA:78,0
DA:79,0
DA:80,0
DA:81,0
DA:82,0
DA:84,0
LF:55
LH:9
BRDA:33,1,0,0
BRDA:33,1,1,0
BRDA:37,2,0,0
BRDA:37,2,1,0
BRDA:45,3,0,0
BRDA:45,3,1,0
BRF:6
BRH:0
end_of_record
TN:
SF:./src/client/app/cadastros/usuario/usuario-modal.controller.js
FN:1,(anonymous_1)
FN:9,UsuarioModalController
FN:38,activate
FN:40,(anonymous_4)
FN:44,validaSenha
FN:50,(anonymous_6)
FN:60,getModPerfil
FN:63,(anonymous_8)
FN:68,ok
FN:71,cancel
FNF:10
FNH:1
FNDA:1,(anonymous_1)
FNDA:0,UsuarioModalController
FNDA:0,activate
FNDA:0,(anonymous_4)
FNDA:0,validaSenha
FNDA:0,(anonymous_6)
FNDA:0,getModPerfil
FNDA:0,(anonymous_8)
FNDA:0,ok
FNDA:0,cancel
DA:1,1
DA:4,1
DA:7,1
DA:9,1
DA:10,0
DA:11,0
DA:12,0
DA:13,0
DA:14,0
DA:15,0
DA:16,0
DA:17,0
DA:18,0
DA:22,0
DA:27,0
DA:28,0
DA:29,0
DA:30,0
DA:31,0
DA:36,0
DA:38,1
DA:39,0
DA:40,0
DA:44,1
DA:45,0
DA:50,0
DA:51,0
DA:52,0
DA:53,0
DA:55,0
DA:60,1
DA:61,0
DA:62,0
DA:63,0
DA:64,0
DA:68,1
DA:69,0
DA:71,1
DA:72,0
LF:39
LH:9
BRDA:51,1,0,0
BRDA:51,1,1,0
BRDA:61,2,0,0
BRDA:61,2,1,0
BRF:4
BRH:0
end_of_record
TN:
SF:./src/client/app/cadastros/usuario/usuario-modal.service.js
FN:1,(anonymous_1)
FN:8,UsuarioModalService
FN:15,editPerfil
FN:23,(anonymous_4)
FN:28,(anonymous_5)
FNF:5
FNH:1
FNDA:1,(anonymous_1)
FNDA:0,UsuarioModalService
FNDA:0,editPerfil
FNDA:0,(anonymous_4)
FNDA:0,(anonymous_5)
DA:1,1
DA:3,1
DA:6,1
DA:8,1
DA:9,0
DA:12,0
DA:15,1
DA:16,0
DA:24,0
DA:28,0
DA:29,0
LF:11
LH:5
BRF:0
BRH:0
end_of_record
TN:
SF:./src/client/app/cadastros/usuario/usuario.controller.js
FN:1,(anonymous_1)
FN:10,UsuarioController
FN:50,activate
FN:51,(anonymous_4)
FN:54,(anonymous_5)
FN:63,getUsuario
FN:64,(anonymous_7)
FN:70,getPerfil
FN:71,(anonymous_9)
FN:75,getModPerfil
FN:77,(anonymous_11)
FN:81,pesquisaAvancada
FN:85,limparPesqAvancada
FN:95,newUsuario
FN:97,(anonymous_15)
FN:98,(anonymous_16)
FN:105,edtPerfil
FN:106,(anonymous_18)
FN:111,editUsuario
FN:113,(anonymous_20)
FN:114,(anonymous_21)
FN:121,deleteUsuario
FN:132,(anonymous_23)
FN:136,(anonymous_24)
FN:143,ok
FN:144,(anonymous_26)
FN:150,cancel
FN:158,cadPerfil
FN:160,(anonymous_29)
FN:165,pesquisa
FN:175,(anonymous_31)
FN:179,(anonymous_32)
FN:187,limpar
FN:191,ok
FN:196,cancel
FN:204,getLimite
FN:208,setPage
FNF:37
FNH:1
FNDA:1,(anonymous_1)
FNDA:0,UsuarioController
FNDA:0,activate
FNDA:0,(anonymous_4)
FNDA:0,(anonymous_5)
FNDA:0,getUsuario
FNDA:0,(anonymous_7)
FNDA:0,getPerfil
FNDA:0,(anonymous_9)
FNDA:0,getModPerfil
FNDA:0,(anonymous_11)
FNDA:0,pesquisaAvancada
FNDA:0,limparPesqAvancada
FNDA:0,newUsuario
FNDA:0,(anonymous_15)
FNDA:0,(anonymous_16)
FNDA:0,edtPerfil
FNDA:0,(anonymous_18)
FNDA:0,editUsuario
FNDA:0,(anonymous_20)
FNDA:0,(anonymous_21)
FNDA:0,deleteUsuario
FNDA:0,(anonymous_23)
FNDA:0,(anonymous_24)
FNDA:0,ok
FNDA:0,(anonymous_26)
FNDA:0,cancel
FNDA:0,cadPerfil
FNDA:0,(anonymous_29)
FNDA:0,pesquisa
FNDA:0,(anonymous_31)
FNDA:0,(anonymous_32)
FNDA:0,limpar
FNDA:0,ok
FNDA:0,cancel
FNDA:0,getLimite
FNDA:0,setPage
DA:1,1
DA:4,1
DA:8,1
DA:10,1
DA:11,0
DA:12,0
DA:13,0
DA:14,0
DA:15,0
DA:16,0
DA:17,0
DA:18,0
DA:19,0
DA:20,0
DA:21,0
DA:25,0
DA:29,0
DA:30,0
DA:31,0
DA:32,0
DA:33,0
DA:34,0
DA:35,0
DA:36,0
DA:37,0
DA:38,0
DA:39,0
DA:40,0
DA:41,0
DA:42,0
DA:44,0
DA:45,0
DA:46,0
DA:48,0
DA:50,1
DA:51,0
DA:52,0
DA:53,0
DA:54,0
DA:55,0
DA:58,0
DA:63,1
DA:64,0
DA:65,0
DA:66,0
DA:70,1
DA:71,0
DA:72,0
DA:75,1
DA:76,0
DA:77,0
DA:78,0
DA:81,1
DA:82,0
DA:83,0
DA:85,1
DA:86,0
DA:87,0
DA:88,0
DA:89,0
DA:90,0
DA:91,0
DA:95,1
DA:96,0
DA:97,0
DA:98,0
DA:99,0
DA:105,1
DA:106,0
DA:107,0
DA:111,1
DA:112,0
DA:113,0
DA:114,0
DA:121,1
DA:122,0
DA:123,0
DA:126,0
DA:133,0
DA:137,0
DA:138,0
DA:140,0
DA:141,0
DA:143,1
DA:144,0
DA:145,0
DA:147,0
DA:150,1
DA:151,0
DA:158,1
DA:159,0
DA:160,0
DA:161,0
DA:165,1
DA:166,0
DA:169,0
DA:176,0
DA:180,0
DA:181,0
DA:183,0
DA:184,0
DA:185,0
DA:187,1
DA:188,0
DA:191,1
DA:192,0
DA:193,0
DA:196,1
DA:197,0
DA:204,1
DA:205,0
DA:206,0
DA:208,1
DA:209,0
LF:114
LH:23
BRDA:52,1,0,0
BRDA:52,1,1,0
BRDA:96,2,0,0
BRDA:96,2,1,0
BRDA:112,3,0,0
BRDA:112,3,1,0
BRDA:122,4,0,0
BRDA:122,4,1,0
BRDA:159,5,0,0
BRDA:159,5,1,0
BRF:10
BRH:0
end_of_record
TN:
SF:./src/client/app/cadastros/usuario/usuario.route.js
FN:1,(anonymous_1)
FN:10,appRun
FN:14,getStates
FNF:3
FNH:1
FNDA:1,(anonymous_1)
FNDA:0,appRun
FNDA:0,getStates
DA:1,1
DA:4,1
DA:8,1
DA:10,1
DA:11,0
DA:14,1
DA:15,0
LF:7
LH:5
BRF:0
BRH:0
end_of_record
TN:
SF:./src/client/app/cadastros/usuario/usuario.service.js
FN:1,(anonymous_1)
FN:8,UsuarioService
FN:37,startDataset
FN:44,startDataset2
FN:51,read
FN:80,(anonymous_6)
FN:86,getUserModulo
FN:93,(anonymous_8)
FN:98,create
FN:107,(anonymous_10)
FN:112,update
FN:121,(anonymous_12)
FN:126,deletar
FN:134,(anonymous_14)
FN:139,login
FN:160,(anonymous_16)
FN:165,atDadosLogin
FN:168,(anonymous_18)
FN:174,getIpAddr
FN:178,(anonymous_20)
FN:183,validaSenha
FN:200,(anonymous_22)
FN:207,verificarPermissao
FN:212,getUsuario
FN:213,(anonymous_25)
FN:223,getPerfil
FN:224,(anonymous_27)
FN:233,getModPerfil
FN:234,(anonymous_29)
FN:244,newUsuario
FN:260,(anonymous_31)
FN:266,(anonymous_32)
FN:271,editUsuario
FN:284,(anonymous_34)
FN:289,(anonymous_35)
FN:294,editPerfil
FN:307,(anonymous_37)
FN:312,(anonymous_38)
FN:317,deleteUsuario
FN:330,(anonymous_40)
FN:335,(anonymous_41)
FN:340,cadPerfil
FN:341,(anonymous_43)
FNF:43
FNH:1
FNDA:1,(anonymous_1)
FNDA:0,UsuarioService
FNDA:0,startDataset
FNDA:0,startDataset2
FNDA:0,read
FNDA:0,(anonymous_6)
FNDA:0,getUserModulo
FNDA:0,(anonymous_8)
FNDA:0,create
FNDA:0,(anonymous_10)
FNDA:0,update
FNDA:0,(anonymous_12)
FNDA:0,deletar
FNDA:0,(anonymous_14)
FNDA:0,login
FNDA:0,(anonymous_16)
FNDA:0,atDadosLogin
FNDA:0,(anonymous_18)
FNDA:0,getIpAddr
FNDA:0,(anonymous_20)
FNDA:0,validaSenha
FNDA:0,(anonymous_22)
FNDA:0,verificarPermissao
FNDA:0,getUsuario
FNDA:0,(anonymous_25)
FNDA:0,getPerfil
FNDA:0,(anonymous_27)
FNDA:0,getModPerfil
FNDA:0,(anonymous_29)
FNDA:0,newUsuario
FNDA:0,(anonymous_31)
FNDA:0,(anonymous_32)
FNDA:0,editUsuario
FNDA:0,(anonymous_34)
FNDA:0,(anonymous_35)
FNDA:0,editPerfil
FNDA:0,(anonymous_37)
FNDA:0,(anonymous_38)
FNDA:0,deleteUsuario
FNDA:0,(anonymous_40)
FNDA:0,(anonymous_41)
FNDA:0,cadPerfil
FNDA:0,(anonymous_43)
DA:1,1
DA:3,1
DA:6,1
DA:8,1
DA:9,0
DA:10,0
DA:11,0
DA:12,0
DA:13,0
DA:14,0
DA:15,0
DA:35,0
DA:37,1
DA:38,0
DA:39,0
DA:40,0
DA:41,0
DA:44,1
DA:45,0
DA:46,0
DA:47,0
DA:48,0
DA:51,1
DA:52,0
DA:53,0
DA:54,0
DA:55,0
DA:56,0
DA:57,0
DA:59,0
DA:60,0
DA:62,0
DA:63,0
DA:65,0
DA:66,0
DA:68,0
DA:69,0
DA:71,0
DA:72,0
DA:74,0
DA:75,0
DA:76,0
DA:77,0
DA:78,0
DA:79,0
DA:81,0
DA:82,0
DA:86,1
DA:87,0
DA:88,0
DA:89,0
DA:90,0
DA:91,0
DA:92,0
DA:94,0
DA:98,1
DA:99,0
DA:100,0
DA:101,0
DA:102,0
DA:103,0
DA:104,0
DA:105,0
DA:106,0
DA:108,0
DA:112,1
DA:113,0
DA:114,0
DA:115,0
DA:116,0
DA:117,0
DA:118,0
DA:119,0
DA:120,0
DA:122,0
DA:126,1
DA:127,0
DA:128,0
DA:129,0
DA:130,0
DA:131,0
DA:132,0
DA:133,0
DA:135,0
DA:139,1
DA:140,0
DA:141,0
DA:142,0
DA:143,0
DA:144,0
DA:146,0
DA:147,0
DA:149,0
DA:153,0
DA:154,0
DA:155,0
DA:156,0
DA:157,0
DA:158,0
DA:159,0
DA:161,0
DA:165,1
DA:166,0
DA:167,0
DA:168,0
DA:169,0
DA:170,0
DA:174,1
DA:175,0
DA:176,0
DA:177,0
DA:179,0
DA:183,1
DA:184,0
DA:185,0
DA:186,0
DA:187,0
DA:188,0
DA:189,0
DA:191,0
DA:193,0
DA:194,0
DA:195,0
DA:196,0
DA:197,0
DA:198,0
DA:199,0
DA:201,0
DA:207,1
DA:208,0
DA:209,0
DA:212,1
DA:213,0
DA:214,0
DA:218,0
DA:219,0
DA:223,1
DA:224,0
DA:225,0
DA:229,0
DA:230,0
DA:233,1
DA:234,0
DA:235,0
DA:239,0
DA:240,0
DA:244,1
DA:245,0
DA:246,0
DA:247,0
DA:248,0
DA:253,0
DA:261,0
DA:266,0
DA:267,0
DA:271,1
DA:272,0
DA:277,0
DA:285,0
DA:289,0
DA:290,0
DA:294,1
DA:295,0
DA:300,0
DA:308,0
DA:312,0
DA:313,0
DA:317,1
DA:318,0
DA:323,0
DA:331,0
DA:335,0
DA:336,0
DA:340,1
DA:341,0
DA:342,0
LF:176
LH:24
BRDA:56,1,0,0
BRDA:56,1,1,0
BRDA:56,2,0,0
BRDA:56,2,1,0
BRDA:59,3,0,0
BRDA:59,3,1,0
BRDA:62,4,0,0
BRDA:62,4,1,0
BRDA:65,5,0,0
BRDA:65,5,1,0
BRDA:68,6,0,0
BRDA:68,6,1,0
BRDA:71,7,0,0
BRDA:71,7,1,0
BRDA:81,8,0,0
BRDA:81,8,1,0
BRDA:143,9,0,0
BRDA:143,9,1,0
BRDA:146,10,0,0
BRDA:146,10,1,0
BRDA:188,11,0,0
BRDA:188,11,1,0
BRF:22
BRH:0
end_of_record
TN:
SF:./src/client/app/core/config.js
FN:1,(anonymous_1)
FN:10,toastrConfig
FN:49,configure
FNF:3
FNH:1
FNDA:1,(anonymous_1)
FNDA:0,toastrConfig
FNDA:0,configure
DA:1,1
DA:4,1
DA:6,1
DA:8,1
DA:10,1
DA:11,0
DA:12,0
DA:14,1
DA:15,1
DA:29,1
DA:43,1
DA:45,1
DA:47,1
DA:49,1
DA:50,0
DA:51,0
DA:53,0
DA:54,0
DA:56,0
LF:19
LH:12
BRDA:34,1,0,1
BRDA:34,1,1,0
BRDA:35,2,0,1
BRDA:35,2,1,0
BRDA:36,3,0,1
BRDA:36,3,1,0
BRDA:37,4,0,1
BRDA:37,4,1,0
BRDA:50,5,0,0
BRDA:50,5,1,0
BRF:10
BRH:4
end_of_record
TN:
SF:./src/client/app/core/constants.js
FN:2,(anonymous_1)
FNF:1
FNH:1
FNDA:1,(anonymous_1)
DA:2,1
DA:5,1
LF:2
LH:2
BRF:0
BRH:0
end_of_record
TN:
SF:./src/client/app/core/core.route.js
FN:1,(anonymous_1)
FN:9,appRun
FN:14,getStates
FNF:3
FNH:1
FNDA:1,(anonymous_1)
FNDA:0,appRun
FNDA:0,getStates
DA:1,1
DA:4,1
DA:9,1
DA:10,0
DA:11,0
DA:14,1
DA:15,0
LF:7
LH:4
BRF:0
BRH:0
end_of_record
TN:
SF:./src/client/app/core/dataservice.js
FN:1,(anonymous_1)
FN:11,dataservice
FN:18,dadosWeb
FN:34,success
FN:47,fail
FNF:5
FNH:1
FNDA:1,(anonymous_1)
FNDA:0,dataservice
FNDA:0,dadosWeb
FNDA:0,success
FNDA:0,fail
DA:1,1
DA:4,1
DA:8,1
DA:11,1
DA:12,0
DA:16,0
DA:18,1
DA:19,0
DA:20,0
DA:30,0
DA:34,1
DA:35,0
DA:36,0
DA:37,0
DA:38,0
DA:41,0
DA:44,0
DA:47,1
DA:48,0
DA:49,0
DA:51,0
DA:53,0
LF:22
LH:7
BRDA:35,1,0,0
BRDA:35,1,1,0
BRDA:36,2,0,0
BRDA:36,2,1,0
BRDA:37,3,0,0
BRDA:37,3,1,0
BRDA:48,4,0,0
BRDA:48,4,1,0
BRF:8
BRH:0
end_of_record
TN:
SF:./src/client/app/core/dataservise.provider.js
FN:1,(anonymous_1)
FN:8,DataserviseProvider
FN:11,webService
FN:35,getUserLogado
FN:40,getPrmWebService
FN:62,setDataset
FN:66,clearPrmWebServise
FNF:7
FNH:1
FNDA:1,(anonymous_1)
FNDA:0,DataserviseProvider
FNDA:0,webService
FNDA:0,getUserLogado
FNDA:0,getPrmWebService
FNDA:0,setDataset
FNDA:0,clearPrmWebServise
DA:1,1
DA:3,1
DA:6,1
DA:8,1
DA:9,0
DA:11,1
DA:13,0
DA:17,0
DA:25,0
DA:33,0
DA:35,1
DA:36,0
DA:37,0
DA:40,1
DA:41,0
DA:59,0
DA:62,1
DA:63,0
DA:66,1
DA:67,0
DA:68,0
DA:69,0
DA:70,0
DA:71,0
DA:72,0
DA:73,0
DA:74,0
DA:75,0
DA:76,0
DA:77,0
DA:78,0
DA:79,0
DA:80,0
LF:33
LH:9
BRF:0
BRH:0
end_of_record
TN:
SF:./src/client/app/core/focus.directive.js
FN:1,(anonymous_1)
FN:8,appFocus
FN:10,(anonymous_3)
FNF:3
FNH:1
FNDA:1,(anonymous_1)
FNDA:0,appFocus
FNDA:0,(anonymous_3)
DA:1,1
DA:3,1
DA:6,1
DA:8,1
DA:9,0
DA:11,0
LF:6
LH:4
BRF:0
BRH:0
end_of_record
TN:
SF:./src/client/app/dashboard/dashboard.controller.js
FN:1,(anonymous_1)
FN:10,DashboardController
FN:54,activate
FN:59,(anonymous_4)
FN:64,getMessageCount
FN:65,(anonymous_6)
FN:71,getEmpresa
FN:72,(anonymous_8)
FN:77,dataPadrao
FN:89,dadosChatReserva
FN:98,existe
FNF:11
FNH:1
FNDA:1,(anonymous_1)
FNDA:0,DashboardController
FNDA:0,activate
FNDA:0,(anonymous_4)
FNDA:0,getMessageCount
FNDA:0,(anonymous_6)
FNDA:0,getEmpresa
FNDA:0,(anonymous_8)
FNDA:0,dataPadrao
FNDA:0,dadosChatReserva
FNDA:0,existe
DA:1,1
DA:4,1
DA:8,1
DA:10,1
DA:11,0
DA:12,0
DA:16,0
DA:17,0
DA:21,0
DA:22,0
DA:23,0
DA:24,0
DA:25,0
DA:27,0
DA:34,0
DA:38,0
DA:42,0
DA:47,0
DA:52,0
DA:54,1
DA:55,0
DA:59,0
DA:60,0
DA:64,1
DA:65,0
DA:66,0
DA:67,0
DA:71,1
DA:72,0
DA:73,0
DA:77,1
DA:78,0
DA:79,0
DA:80,0
DA:81,0
DA:82,0
DA:83,0
DA:84,0
DA:85,0
DA:86,0
DA:89,1
DA:90,0
DA:91,0
DA:92,0
DA:93,0
DA:94,0
DA:95,0
DA:98,1
DA:99,0
DA:100,0
DA:101,0
DA:102,0
DA:105,0
LF:53
LH:10
BRDA:101,1,0,0
BRDA:101,1,1,0
BRF:2
BRH:0
end_of_record
TN:
SF:./src/client/app/dashboard/dashboard.route.js
FN:1,(anonymous_1)
FN:10,appRun
FN:14,getStates
FNF:3
FNH:1
FNDA:1,(anonymous_1)
FNDA:0,appRun
FNDA:0,getStates
DA:1,1
DA:4,1
DA:8,1
DA:10,1
DA:11,0
DA:14,1
DA:15,0
LF:7
LH:5
BRF:0
BRH:0
end_of_record
TN:
SF:./src/client/app/empresa/empresa.controller.js
FN:1,(anonymous_1)
FN:10,EmpresaController
FN:29,activate
FN:31,(anonymous_4)
FN:37,getEmpresa
FN:38,(anonymous_6)
FN:43,getLojas
FN:44,(anonymous_8)
FN:49,getModContrato
FN:50,(anonymous_10)
FN:55,newLoja
FN:60,(anonymous_12)
FN:62,(anonymous_13)
FN:64,(anonymous_14)
FN:69,(anonymous_15)
FN:77,editLoja
FN:86,(anonymous_17)
FN:90,(anonymous_18)
FN:92,(anonymous_19)
FN:94,(anonymous_20)
FN:99,(anonymous_21)
FN:107,editEmpresa
FN:108,(anonymous_23)
FN:113,editModContrato
FN:118,(anonymous_25)
FNF:25
FNH:1
FNDA:1,(anonymous_1)
FNDA:0,EmpresaController
FNDA:0,activate
FNDA:0,(anonymous_4)
FNDA:0,getEmpresa
FNDA:0,(anonymous_6)
FNDA:0,getLojas
FNDA:0,(anonymous_8)
FNDA:0,getModContrato
FNDA:0,(anonymous_10)
FNDA:0,newLoja
FNDA:0,(anonymous_12)
FNDA:0,(anonymous_13)
FNDA:0,(anonymous_14)
FNDA:0,(anonymous_15)
FNDA:0,editLoja
FNDA:0,(anonymous_17)
FNDA:0,(anonymous_18)
FNDA:0,(anonymous_19)
FNDA:0,(anonymous_20)
FNDA:0,(anonymous_21)
FNDA:0,editEmpresa
FNDA:0,(anonymous_23)
FNDA:0,editModContrato
FNDA:0,(anonymous_25)
DA:1,1
DA:4,1
DA:8,1
DA:10,1
DA:11,0
DA:13,0
DA:14,0
DA:15,0
DA:16,0
DA:17,0
DA:18,0
DA:19,0
DA:21,0
DA:22,0
DA:23,0
DA:24,0
DA:25,0
DA:27,0
DA:29,1
DA:30,0
DA:31,0
DA:32,0
DA:37,1
DA:38,0
DA:39,0
DA:43,1
DA:44,0
DA:45,0
DA:49,1
DA:50,0
DA:51,0
DA:55,1
DA:56,0
DA:62,0
DA:63,0
DA:64,0
DA:65,0
DA:69,0
DA:70,0
DA:77,1
DA:78,0
DA:81,0
DA:87,0
DA:91,0
DA:92,0
DA:93,0
DA:94,0
DA:95,0
DA:99,0
DA:100,0
DA:107,1
DA:108,0
DA:113,1
DA:114,0
DA:118,0
LF:55
LH:12
BRF:0
BRH:0
end_of_record
TN:
SF:./src/client/app/empresa/empresa.route.js
FN:1,(anonymous_1)
FN:10,appRun
FN:14,getStates
FNF:3
FNH:1
FNDA:1,(anonymous_1)
FNDA:0,appRun
FNDA:0,getStates
DA:1,1
DA:4,1
DA:8,1
DA:10,1
DA:11,0
DA:14,1
DA:15,0
LF:7
LH:5
BRF:0
BRH:0
end_of_record
TN:
SF:./src/client/app/empresa/empresa.service.js
FN:1,(anonymous_1)
FN:8,EmpresaService
FN:16,startDataset
FN:23,load
FN:30,(anonymous_5)
FN:36,update
FN:44,(anonymous_7)
FNF:7
FNH:1
FNDA:1,(anonymous_1)
FNDA:0,EmpresaService
FNDA:0,startDataset
FNDA:0,load
FNDA:0,(anonymous_5)
FNDA:0,update
FNDA:0,(anonymous_7)
DA:1,1
DA:3,1
DA:6,1
DA:8,1
DA:9,0
DA:10,0
DA:14,0
DA:16,1
DA:17,0
DA:18,0
DA:19,0
DA:20,0
DA:23,1
DA:24,0
DA:25,0
DA:26,0
DA:27,0
DA:28,0
DA:29,0
DA:31,0
DA:36,1
DA:37,0
DA:38,0
DA:39,0
DA:40,0
DA:41,0
DA:42,0
DA:43,0
DA:45,0
LF:29
LH:7
BRF:0
BRH:0
end_of_record
TN:
SF:./src/client/app/empresa/lojas.service.js
FN:2,(anonymous_1)
FN:9,LojasService
FN:31,startDatasetDinamico
FN:40,load
FN:47,(anonymous_5)
FN:53,read
FN:64,(anonymous_7)
FN:70,create
FN:78,(anonymous_9)
FN:83,update
FN:91,(anonymous_11)
FN:96,deletar
FN:103,(anonymous_13)
FNF:13
FNH:1
FNDA:1,(anonymous_1)
FNDA:0,LojasService
FNDA:0,startDatasetDinamico
FNDA:0,load
FNDA:0,(anonymous_5)
FNDA:0,read
FNDA:0,(anonymous_7)
FNDA:0,create
FNDA:0,(anonymous_9)
FNDA:0,update
FNDA:0,(anonymous_11)
FNDA:0,deletar
FNDA:0,(anonymous_13)
DA:2,1
DA:4,1
DA:7,1
DA:9,1
DA:10,0
DA:11,0
DA:14,0
DA:18,0
DA:21,0
DA:22,0
DA:29,0
DA:31,1
DA:32,0
DA:33,0
DA:34,0
DA:35,0
DA:36,0
DA:37,0
DA:40,1
DA:41,0
DA:42,0
DA:43,0
DA:44,0
DA:45,0
DA:46,0
DA:48,0
DA:53,1
DA:54,0
DA:55,0
DA:56,0
DA:57,0
DA:58,0
DA:60,0
DA:61,0
DA:62,0
DA:63,0
DA:65,0
DA:70,1
DA:71,0
DA:72,0
DA:73,0
DA:74,0
DA:75,0
DA:76,0
DA:77,0
DA:79,0
DA:83,1
DA:84,0
DA:85,0
DA:86,0
DA:87,0
DA:88,0
DA:89,0
DA:90,0
DA:92,0
DA:96,1
DA:97,0
DA:98,0
DA:99,0
DA:100,0
DA:101,0
DA:102,0
DA:104,0
LF:63
LH:10
BRDA:57,1,0,0
BRDA:57,1,1,0
BRDA:57,2,0,0
BRDA:57,2,1,0
BRF:4
BRH:0
end_of_record
TN:
SF:./src/client/app/empresa/mod-contrato.service.js
FN:2,(anonymous_1)
FN:9,ModContratoService
FN:28,startDatasetDinamico
FN:37,load
FN:44,(anonymous_5)
FN:50,update
FN:58,(anonymous_7)
FNF:7
FNH:1
FNDA:1,(anonymous_1)
FNDA:0,ModContratoService
FNDA:0,startDatasetDinamico
FNDA:0,load
FNDA:0,(anonymous_5)
FNDA:0,update
FNDA:0,(anonymous_7)
DA:2,1
DA:4,1
DA:7,1
DA:9,1
DA:10,0
DA:11,0
DA:14,0
DA:18,0
DA:21,0
DA:22,0
DA:26,0
DA:28,1
DA:29,0
DA:30,0
DA:31,0
DA:32,0
DA:33,0
DA:34,0
DA:37,1
DA:38,0
DA:39,0
DA:40,0
DA:41,0
DA:42,0
DA:43,0
DA:45,0
DA:50,1
DA:51,0
DA:52,0
DA:53,0
DA:54,0
DA:55,0
DA:56,0
DA:57,0
DA:59,0
LF:35
LH:7
BRF:0
BRH:0
end_of_record
TN:
SF:./src/client/app/layout/ht-sidebar.directive.js
FN:1,(anonymous_1)
FN:10,htSidebar
FN:22,htSidebarController
FN:28,link
FN:34,dropdown
FNF:5
FNH:1
FNDA:1,(anonymous_1)
FNDA:0,htSidebar
FNDA:0,htSidebarController
FNDA:0,link
FNDA:0,dropdown
DA:1,1
DA:4,1
DA:7,1
DA:10,1
DA:11,0
DA:22,1
DA:26,0
DA:28,1
DA:29,0
DA:30,0
DA:31,0
DA:32,0
DA:34,1
DA:35,0
DA:36,0
DA:37,0
DA:38,0
DA:39,0
DA:40,0
DA:41,0
DA:42,0
LF:21
LH:7
BRDA:37,1,0,0
BRDA:37,1,1,0
BRDA:40,2,0,0
BRDA:40,2,1,0
BRF:4
BRH:0
end_of_record
TN:
SF:./src/client/app/layout/ht-top-nav.directive.js
FN:1,(anonymous_1)
FN:10,htTopNav
FN:26,TopNavController
FNF:3
FNH:1
FNDA:1,(anonymous_1)
FNDA:0,htTopNav
FNDA:0,TopNavController
DA:1,1
DA:4,1
DA:7,1
DA:10,1
DA:11,0
DA:26,1
DA:27,0
DA:31,0
LF:8
LH:5
BRF:0
BRH:0
end_of_record
TN:
SF:./src/client/app/layout/shell.controller.js
FN:1,(anonymous_1)
FN:10,ShellController
FN:29,activate
FN:34,hideSplash
FN:36,(anonymous_5)
FNF:5
FNH:1
FNDA:1,(anonymous_1)
FNDA:0,ShellController
FNDA:0,activate
FNDA:0,hideSplash
FNDA:0,(anonymous_5)
DA:1,1
DA:4,1
DA:8,1
DA:10,1
DA:11,0
DA:12,0
DA:13,0
DA:14,0
DA:15,0
DA:21,0
DA:22,0
DA:27,0
DA:29,1
DA:30,0
DA:31,0
DA:34,1
DA:36,0
DA:37,0
LF:18
LH:6
BRF:0
BRH:0
end_of_record
TN:
SF:./src/client/app/layout/sidebar.controller.js
FN:1,(anonymous_1)
FN:10,SidebarController
FN:17,activate
FN:19,getNavRoutes
FN:20,(anonymous_5)
FN:22,(anonymous_6)
FN:27,isCurrent
FNF:7
FNH:1
FNDA:1,(anonymous_1)
FNDA:0,SidebarController
FNDA:0,activate
FNDA:0,getNavRoutes
FNDA:0,(anonymous_5)
FNDA:0,(anonymous_6)
FNDA:0,isCurrent
DA:1,1
DA:4,1
DA:8,1
DA:10,1
DA:11,0
DA:12,0
DA:13,0
DA:15,0
DA:17,1
DA:19,1
DA:20,0
DA:21,0
DA:23,0
DA:27,1
DA:28,0
DA:29,0
DA:31,0
DA:32,0
LF:18
LH:7
BRDA:21,1,0,0
BRDA:21,1,1,0
BRDA:28,2,0,0
BRDA:28,2,1,0
BRDA:28,3,0,0
BRDA:28,3,1,0
BRDA:28,3,2,0
BRDA:32,4,0,0
BRDA:32,4,1,0
BRF:9
BRH:0
end_of_record
TN:
SF:./src/client/app/login/login.directive.js
FN:1,(anonymous_1)
FN:8,login
FN:29,LoginController
FN:45,activate
FN:49,logar
FN:53,(anonymous_6)
FN:63,(anonymous_7)
FN:66,(anonymous_8)
FN:68,(anonymous_9)
FN:95,existeUserLogado
FN:105,setUserLogado
FN:112,getUserLogado
FNF:12
FNH:1
FNDA:1,(anonymous_1)
FNDA:0,login
FNDA:0,LoginController
FNDA:0,activate
FNDA:0,logar
FNDA:0,(anonymous_6)
FNDA:0,(anonymous_7)
FNDA:0,(anonymous_8)
FNDA:0,(anonymous_9)
FNDA:0,existeUserLogado
FNDA:0,setUserLogado
FNDA:0,getUserLogado
DA:1,1
DA:3,1
DA:6,1
DA:8,1
DA:13,0
DA:29,1
DA:30,0
DA:31,0
DA:32,0
DA:33,0
DA:34,0
DA:35,0
DA:43,0
DA:45,1
DA:46,0
DA:49,1
DA:50,0
DA:51,0
DA:52,0
DA:53,0
DA:54,0
DA:55,0
DA:56,0
DA:57,0
DA:58,0
DA:59,0
DA:60,0
DA:61,0
DA:62,0
DA:63,0
DA:64,0
DA:66,0
DA:67,0
DA:68,0
DA:69,0
DA:70,0
DA:71,0
DA:73,0
DA:76,0
DA:79,0
DA:80,0
DA:83,0
DA:95,1
DA:96,0
DA:97,0
DA:98,0
DA:99,0
DA:101,0
DA:105,1
DA:106,0
DA:107,0
DA:108,0
DA:109,0
DA:112,1
DA:113,0
DA:118,0
LF:56
LH:10
BRDA:54,1,0,0
BRDA:54,1,1,0
BRDA:55,2,0,0
BRDA:55,2,1,0
BRDA:56,3,0,0
BRDA:56,3,1,0
BRDA:96,4,0,0
BRDA:96,4,1,0
BRF:8
BRH:0
end_of_record
TN:
SF:./src/client/app/login/usuarioMenuTop.directive.js
FN:2,(anonymous_1)
FN:9,usuarioMenuTop
FN:29,UsuarioMenuTopController
FN:38,activate
FN:43,exibirLoja
FN:48,logoff
FN:60,cadastroUsuarioLogado
FN:61,(anonymous_8)
FN:66,alterarSenha
FN:74,(anonymous_10)
FN:79,(anonymous_11)
FN:84,trocarLoja
FN:89,(anonymous_13)
FN:92,(anonymous_14)
FN:98,(anonymous_15)
FN:106,prmWeb
FNF:16
FNH:1
FNDA:1,(anonymous_1)
FNDA:0,usuarioMenuTop
FNDA:0,UsuarioMenuTopController
FNDA:0,activate
FNDA:0,exibirLoja
FNDA:0,logoff
FNDA:0,cadastroUsuarioLogado
FNDA:0,(anonymous_8)
FNDA:0,alterarSenha
FNDA:0,(anonymous_10)
FNDA:0,(anonymous_11)
FNDA:0,trocarLoja
FNDA:0,(anonymous_13)
FNDA:0,(anonymous_14)
FNDA:0,(anonymous_15)
FNDA:0,prmWeb
DA:2,1
DA:4,1
DA:7,1
DA:9,1
DA:14,0
DA:29,1
DA:30,0
DA:32,0
DA:33,0
DA:34,0
DA:35,0
DA:37,0
DA:38,1
DA:39,0
DA:40,0
DA:43,1
DA:44,0
DA:48,1
DA:49,0
DA:50,0
DA:51,0
DA:52,0
DA:53,0
DA:54,0
DA:55,0
DA:56,0
DA:60,1
DA:61,0
DA:62,0
DA:66,1
DA:67,0
DA:75,0
DA:79,0
DA:80,0
DA:84,1
DA:85,0
DA:91,0
DA:92,0
DA:93,0
DA:94,0
DA:95,0
DA:98,0
DA:99,0
DA:106,1
DA:107,0
DA:108,0
DA:109,0
DA:110,0
DA:116,0
LF:49
LH:12
BRF:0
BRH:0
end_of_record
TN:
SF:./src/client/app/sistema/consultar/consulta.controller.js
FN:1,(anonymous_1)
FN:10,ConsultaController
FN:54,activate
FN:55,(anonymous_4)
FN:65,convDate
FN:70,pesquisa
FN:79,(anonymous_7)
FN:83,(anonymous_8)
FN:85,(anonymous_9)
FN:88,(anonymous_10)
FN:93,(anonymous_11)
FN:98,keypress
FN:104,getTrajes
FN:105,(anonymous_14)
FN:111,getInfoTraje
FN:117,(anonymous_16)
FN:122,pesquisaAvancada
FN:127,getDataPeriodo
FN:137,(anonymous_19)
FN:144,zoomImg
FN:154,(anonymous_21)
FN:161,viewTrajesSel
FN:171,(anonymous_23)
FN:175,(anonymous_24)
FN:178,(anonymous_25)
FN:181,(anonymous_26)
FN:184,(anonymous_27)
FN:187,(anonymous_28)
FN:194,check
FN:202,addTraje
FN:207,remTraje
FN:216,limparPesqAvancada
FN:229,getLimite
FN:233,setPage
FN:237,ok
FN:241,cancel
FNF:36
FNH:1
FNDA:1,(anonymous_1)
FNDA:0,ConsultaController
FNDA:0,activate
FNDA:0,(anonymous_4)
FNDA:0,convDate
FNDA:0,pesquisa
FNDA:0,(anonymous_7)
FNDA:0,(anonymous_8)
FNDA:0,(anonymous_9)
FNDA:0,(anonymous_10)
FNDA:0,(anonymous_11)
FNDA:0,keypress
FNDA:0,getTrajes
FNDA:0,(anonymous_14)
FNDA:0,getInfoTraje
FNDA:0,(anonymous_16)
FNDA:0,pesquisaAvancada
FNDA:0,getDataPeriodo
FNDA:0,(anonymous_19)
FNDA:0,zoomImg
FNDA:0,(anonymous_21)
FNDA:0,viewTrajesSel
FNDA:0,(anonymous_23)
FNDA:0,(anonymous_24)
FNDA:0,(anonymous_25)
FNDA:0,(anonymous_26)
FNDA:0,(anonymous_27)
FNDA:0,(anonymous_28)
FNDA:0,check
FNDA:0,addTraje
FNDA:0,remTraje
FNDA:0,limparPesqAvancada
FNDA:0,getLimite
FNDA:0,setPage
FNDA:0,ok
FNDA:0,cancel
DA:1,1
DA:4,1
DA:8,1
DA:10,1
DA:11,0
DA:13,0
DA:14,0
DA:15,0
DA:16,0
DA:17,0
DA:18,0
DA:19,0
DA:20,0
DA:21,0
DA:22,0
DA:27,0
DA:28,0
DA:29,0
DA:30,0
DA:31,0
DA:32,0
DA:33,0
DA:34,0
DA:35,0
DA:36,0
DA:37,0
DA:38,0
DA:39,0
DA:41,0
DA:42,0
DA:43,0
DA:44,0
DA:45,0
DA:46,0
DA:52,0
DA:54,1
DA:55,0
DA:56,0
DA:57,0
DA:58,0
DA:60,0
DA:65,1
DA:66,0
DA:67,0
DA:70,1
DA:71,0
DA:74,0
DA:80,0
DA:84,0
DA:85,0
DA:86,0
DA:88,0
DA:89,0
DA:90,0
DA:94,0
DA:98,1
DA:99,0
DA:100,0
DA:104,1
DA:105,0
DA:106,0
DA:107,0
DA:111,1
DA:112,0
DA:116,0
DA:117,0
DA:118,0
DA:122,1
DA:123,0
DA:124,0
DA:127,1
DA:128,0
DA:137,0
DA:138,0
DA:139,0
DA:140,0
DA:144,1
DA:145,0
DA:148,0
DA:155,0
DA:161,1
DA:162,0
DA:166,0
DA:172,0
DA:176,0
DA:177,0
DA:178,0
DA:179,0
DA:181,0
DA:182,0
DA:184,0
DA:185,0
DA:187,0
DA:188,0
DA:194,1
DA:195,0
DA:196,0
DA:198,0
DA:202,1
DA:203,0
DA:204,0
DA:207,1
DA:208,0
DA:209,0
DA:210,0
DA:213,0
DA:216,1
DA:217,0
DA:226,0
DA:229,1
DA:230,0
DA:231,0
DA:233,1
DA:234,0
DA:237,1
DA:238,0
DA:239,0
DA:241,1
DA:242,0
LF:119
LH:22
BRDA:56,1,0,0
BRDA:56,1,1,0
BRDA:99,2,0,0
BRDA:99,2,1,0
BRDA:195,3,0,0
BRDA:195,3,1,0
BRDA:209,4,0,0
BRDA:209,4,1,0
BRF:8
BRH:0
end_of_record
TN:
SF:./src/client/app/sistema/consultar/consulta.service.js
FN:73,(anonymous_1)
FN:80,ConsultaService
FN:112,startDatasetDinamico
FN:123,read
FN:151,(anonymous_5)
FN:157,verificarPermissao
FNF:6
FNH:1
FNDA:1,(anonymous_1)
FNDA:0,ConsultaService
FNDA:0,startDatasetDinamico
FNDA:0,read
FNDA:0,(anonymous_5)
FNDA:0,verificarPermissao
DA:73,1
DA:75,1
DA:78,1
DA:80,1
DA:81,0
DA:90,0
DA:93,0
DA:96,0
DA:100,0
DA:101,0
DA:102,0
DA:103,0
DA:104,0
DA:110,0
DA:112,1
DA:113,0
DA:114,0
DA:115,0
DA:116,0
DA:117,0
DA:118,0
DA:119,0
DA:120,0
DA:123,1
DA:124,0
DA:125,0
DA:126,0
DA:127,0
DA:128,0
DA:129,0
DA:130,0
DA:131,0
DA:133,0
DA:134,0
DA:136,0
DA:137,0
DA:139,0
DA:140,0
DA:142,0
DA:143,0
DA:146,0
DA:147,0
DA:148,0
DA:149,0
DA:150,0
DA:152,0
DA:157,1
DA:158,0
DA:159,0
LF:49
LH:7
BRDA:129,1,0,0
BRDA:129,1,1,0
BRDA:129,2,0,0
BRDA:129,2,1,0
BRDA:129,2,2,0
BRDA:129,2,3,0
BRDA:133,3,0,0
BRDA:133,3,1,0
BRDA:133,4,0,0
BRDA:133,4,1,0
BRDA:136,5,0,0
BRDA:136,5,1,0
BRDA:136,6,0,0
BRDA:136,6,1,0
BRDA:139,7,0,0
BRDA:139,7,1,0
BRDA:139,8,0,0
BRDA:139,8,1,0
BRDA:142,9,0,0
BRDA:142,9,1,0
BRDA:142,10,0,0
BRDA:142,10,1,0
BRF:22
BRH:0
end_of_record
TN:
SF:./src/client/app/sistema/consultar/periodo.controller.js
FN:1,(anonymous_1)
FN:9,PeriodoController
FN:23,activate
FN:27,dataPadrao
FN:35,ok
FN:38,cancel
FNF:6
FNH:1
FNDA:1,(anonymous_1)
FNDA:0,PeriodoController
FNDA:0,activate
FNDA:0,dataPadrao
FNDA:0,ok
FNDA:0,cancel
DA:1,1
DA:4,1
DA:7,1
DA:9,1
DA:10,0
DA:11,0
DA:12,0
DA:16,0
DA:18,0
DA:19,0
DA:21,0
DA:23,1
DA:24,0
DA:27,1
DA:28,0
DA:29,0
DA:30,0
DA:31,0
DA:32,0
DA:35,1
DA:36,0
DA:38,1
DA:39,0
LF:23
LH:8
BRF:0
BRH:0
end_of_record
TN:
SF:./src/client/app/sistema/consultar/pesquisa.controller.js
FN:1,(anonymous_1)
FN:8,PesquisaController
FN:18,activate
FN:22,ok
FN:25,cancel
FNF:5
FNH:1
FNDA:1,(anonymous_1)
FNDA:0,PesquisaController
FNDA:0,activate
FNDA:0,ok
FNDA:0,cancel
DA:1,1
DA:3,1
DA:6,1
DA:8,1
DA:9,0
DA:10,0
DA:11,0
DA:12,0
DA:13,0
DA:14,0
DA:15,0
DA:18,1
DA:22,1
DA:23,0
DA:25,1
DA:26,0
LF:16
LH:7
BRF:0
BRH:0
end_of_record
TN:
SF:./src/client/app/sistema/reservas/reserva-contrato.service.js
FN:1,(anonymous_1)
FN:8,ReqReport
FN:20,getTplRequisicao
FN:79,(anonymous_4)
FN:137,getTplListaReq
FN:166,(anonymous_6)
FNF:6
FNH:1
FNDA:1,(anonymous_1)
FNDA:0,ReqReport
FNDA:0,getTplRequisicao
FNDA:0,(anonymous_4)
FNDA:0,getTplListaReq
FNDA:0,(anonymous_6)
DA:1,1
DA:3,1
DA:6,1
DA:8,1
DA:9,0
DA:10,0
DA:11,0
DA:12,0
DA:13,0
DA:14,0
DA:18,0
DA:20,1
DA:21,0
DA:22,0
DA:23,0
DA:24,0
DA:25,0
DA:27,0
DA:29,0
DA:33,0
DA:34,0
DA:35,0
DA:39,0
DA:40,0
DA:41,0
DA:42,0
DA:43,0
DA:46,0
DA:48,0
DA:49,0
DA:50,0
DA:51,0
DA:52,0
DA:53,0
DA:55,0
DA:56,0
DA:57,0
DA:58,0
DA:59,0
DA:60,0
DA:62,0
DA:66,0
DA:67,0
DA:68,0
DA:69,0
DA:70,0
DA:71,0
DA:72,0
DA:73,0
DA:74,0
DA:75,0
DA:76,0
DA:77,0
DA:78,0
DA:79,0
DA:80,0
DA:81,0
DA:82,0
DA:83,0
DA:84,0
DA:85,0
DA:86,0
DA:87,0
DA:89,0
DA:90,0
DA:94,0
DA:95,0
DA:96,0
DA:97,0
DA:98,0
DA:99,0
DA:100,0
DA:101,0
DA:102,0
DA:103,0
DA:104,0
DA:108,0
DA:109,0
DA:110,0
DA:111,0
DA:112,0
DA:113,0
DA:114,0
DA:115,0
DA:116,0
DA:118,0
DA:119,0
DA:123,0
DA:124,0
DA:125,0
DA:126,0
DA:127,0
DA:128,0
DA:129,0
DA:130,0
DA:133,0
DA:134,0
DA:137,1
DA:138,0
DA:139,0
DA:140,0
DA:142,0
DA:145,0
DA:146,0
DA:147,0
DA:148,0
DA:149,0
DA:150,0
DA:151,0
DA:155,0
DA:156,0
DA:157,0
DA:158,0
DA:159,0
DA:160,0
DA:161,0
DA:162,0
DA:163,0
DA:164,0
DA:165,0
DA:166,0
DA:167,0
DA:168,0
DA:169,0
DA:170,0
DA:171,0
DA:172,0
DA:173,0
DA:175,0
DA:176,0
DA:179,0
DA:181,0
LF:132
LH:6
BRDA:24,1,0,0
BRDA:24,1,1,0
BRDA:83,2,0,0
BRDA:83,2,1,0
BRDA:111,3,0,0
BRDA:111,3,1,0
BRDA:111,4,0,0
BRDA:111,4,1,0
BRDA:118,5,0,0
BRDA:118,5,1,0
BRF:10
BRH:0
end_of_record
TN:
SF:./src/client/app/sistema/reservas/reserva-item.service.js
FN:27,(anonymous_1)
FN:34,ResItensService
FN:70,startDatasetDinamico
FN:81,novoItem
FN:98,load
FN:106,(anonymous_6)
FN:111,read
FN:132,(anonymous_8)
FN:137,create
FN:147,(anonymous_10)
FN:152,update
FN:161,(anonymous_12)
FN:166,deletar
FN:173,(anonymous_14)
FNF:14
FNH:1
FNDA:1,(anonymous_1)
FNDA:0,ResItensService
FNDA:0,startDatasetDinamico
FNDA:0,novoItem
FNDA:0,load
FNDA:0,(anonymous_6)
FNDA:0,read
FNDA:0,(anonymous_8)
FNDA:0,create
FNDA:0,(anonymous_10)
FNDA:0,update
FNDA:0,(anonymous_12)
FNDA:0,deletar
FNDA:0,(anonymous_14)
DA:27,1
DA:29,1
DA:32,1
DA:34,1
DA:35,0
DA:38,0
DA:45,0
DA:56,0
DA:57,0
DA:58,0
DA:67,0
DA:70,1
DA:71,0
DA:72,0
DA:73,0
DA:74,0
DA:75,0
DA:76,0
DA:77,0
DA:78,0
DA:81,1
DA:82,0
DA:95,0
DA:98,1
DA:99,0
DA:100,0
DA:101,0
DA:102,0
DA:103,0
DA:104,0
DA:105,0
DA:107,0
DA:111,1
DA:112,0
DA:113,0
DA:114,0
DA:115,0
DA:116,0
DA:118,0
DA:119,0
DA:121,0
DA:122,0
DA:124,0
DA:125,0
DA:127,0
DA:128,0
DA:129,0
DA:130,0
DA:131,0
DA:133,0
DA:137,1
DA:138,0
DA:139,0
DA:140,0
DA:141,0
DA:142,0
DA:144,0
DA:145,0
DA:146,0
DA:148,0
DA:152,1
DA:153,0
DA:154,0
DA:155,0
DA:156,0
DA:157,0
DA:158,0
DA:159,0
DA:160,0
DA:162,0
DA:166,1
DA:167,0
DA:168,0
DA:169,0
DA:170,0
DA:171,0
DA:172,0
DA:174,0
LF:78
LH:11
BRDA:115,1,0,0
BRDA:115,1,1,0
BRDA:115,2,0,0
BRDA:115,2,1,0
BRDA:118,3,0,0
BRDA:118,3,1,0
BRDA:118,4,0,0
BRDA:118,4,1,0
BRDA:121,5,0,0
BRDA:121,5,1,0
BRDA:124,6,0,0
BRDA:124,6,1,0
BRDA:124,7,0,0
BRDA:124,7,1,0
BRF:14
BRH:0
end_of_record
TN:
SF:./src/client/app/sistema/reservas/reserva-itens-modal.controller.js
FN:1,(anonymous_1)
FN:9,ReqItensModalController
FN:27,activate
FN:29,(anonymous_4)
FN:33,validarQt
FN:39,remItem
FN:46,addItem
FN:62,(anonymous_8)
FN:68,(anonymous_9)
FN:69,(anonymous_10)
FN:81,salvar
FN:85,(anonymous_12)
FN:88,(anonymous_13)
FN:107,ok
FN:110,cancel
FNF:15
FNH:1
FNDA:1,(anonymous_1)
FNDA:0,ReqItensModalController
FNDA:0,activate
FNDA:0,(anonymous_4)
FNDA:0,validarQt
FNDA:0,remItem
FNDA:0,addItem
FNDA:0,(anonymous_8)
FNDA:0,(anonymous_9)
FNDA:0,(anonymous_10)
FNDA:0,salvar
FNDA:0,(anonymous_12)
FNDA:0,(anonymous_13)
FNDA:0,ok
FNDA:0,cancel
DA:1,1
DA:4,1
DA:7,1
DA:9,1
DA:10,0
DA:11,0
DA:12,0
DA:13,0
DA:14,0
DA:15,0
DA:16,0
DA:17,0
DA:18,0
DA:19,0
DA:20,0
DA:21,0
DA:22,0
DA:27,1
DA:28,0
DA:29,0
DA:33,1
DA:34,0
DA:35,0
DA:39,1
DA:40,0
DA:41,0
DA:42,0
DA:46,1
DA:47,0
DA:55,0
DA:63,0
DA:68,0
DA:69,0
DA:70,0
DA:71,0
DA:74,0
DA:75,0
DA:81,1
DA:82,0
DA:83,0
DA:84,0
DA:85,0
DA:86,0
DA:87,0
DA:88,0
DA:89,0
DA:95,0
DA:96,0
DA:100,0
DA:101,0
DA:107,1
DA:108,0
DA:110,1
DA:111,0
LF:54
LH:11
BRDA:34,1,0,0
BRDA:34,1,1,0
BRDA:34,2,0,0
BRDA:34,2,1,0
BRDA:41,3,0,0
BRDA:41,3,1,0
BRDA:74,4,0,0
BRDA:74,4,1,0
BRDA:84,5,0,0
BRDA:84,5,1,0
BRDA:86,6,0,0
BRDA:86,6,1,0
BRDA:87,7,0,0
BRDA:87,7,1,0
BRDA:89,8,0,0
BRDA:89,8,1,0
BRDA:100,9,0,0
BRDA:100,9,1,0
BRF:18
BRH:0
end_of_record
TN:
SF:./src/client/app/sistema/reservas/reserva-modal.controller.js
FN:1,(anonymous_1)
FN:9,ReqModalController
FN:44,activate
FN:49,(anonymous_4)
FN:59,convDate
FN:64,permRePrint
FN:69,alterarSit
FN:77,(anonymous_8)
FN:107,(anonymous_9)
FN:112,(anonymous_10)
FN:122,getSituacoes
FN:127,(anonymous_12)
FN:132,concluir
FN:143,printReq
FN:160,(anonymous_15)
FN:165,(anonymous_16)
FN:174,confirmImp
FN:179,salvar
FN:187,(anonymous_19)
FN:193,(anonymous_20)
FN:196,(anonymous_21)
FN:221,itens
FN:230,(anonymous_23)
FN:235,(anonymous_24)
FN:239,addNumReq
FN:240,(anonymous_26)
FN:241,(anonymous_27)
FN:246,enderecoSec
FN:264,getItensRec
FN:266,(anonymous_30)
FN:273,cancelarRec
FN:282,deleteReq
FN:292,(anonymous_33)
FN:298,(anonymous_34)
FN:299,(anonymous_35)
FN:308,ok
FN:311,cancel
FNF:37
FNH:1
FNDA:1,(anonymous_1)
FNDA:0,ReqModalController
FNDA:0,activate
FNDA:0,(anonymous_4)
FNDA:0,convDate
FNDA:0,permRePrint
FNDA:0,alterarSit
FNDA:0,(anonymous_8)
FNDA:0,(anonymous_9)
FNDA:0,(anonymous_10)
FNDA:0,getSituacoes
FNDA:0,(anonymous_12)
FNDA:0,concluir
FNDA:0,printReq
FNDA:0,(anonymous_15)
FNDA:0,(anonymous_16)
FNDA:0,confirmImp
FNDA:0,salvar
FNDA:0,(anonymous_19)
FNDA:0,(anonymous_20)
FNDA:0,(anonymous_21)
FNDA:0,itens
FNDA:0,(anonymous_23)
FNDA:0,(anonymous_24)
FNDA:0,addNumReq
FNDA:0,(anonymous_26)
FNDA:0,(anonymous_27)
FNDA:0,enderecoSec
FNDA:0,getItensRec
FNDA:0,(anonymous_30)
FNDA:0,cancelarRec
FNDA:0,deleteReq
FNDA:0,(anonymous_33)
FNDA:0,(anonymous_34)
FNDA:0,(anonymous_35)
FNDA:0,ok
FNDA:0,cancel
DA:1,1
DA:4,1
DA:7,1
DA:9,1
DA:10,0
DA:11,0
DA:12,0
DA:13,0
DA:14,0
DA:15,0
DA:16,0
DA:17,0
DA:18,0
DA:19,0
DA:20,0
DA:21,0
DA:22,0
DA:23,0
DA:24,0
DA:25,0
DA:26,0
DA:27,0
DA:28,0
DA:29,0
DA:30,0
DA:31,0
DA:32,0
DA:33,0
DA:34,0
DA:35,0
DA:36,0
DA:42,0
DA:44,1
DA:45,0
DA:46,0
DA:47,0
DA:48,0
DA:49,0
DA:50,0
DA:51,0
DA:53,0
DA:59,1
DA:60,0
DA:61,0
DA:64,1
DA:65,0
DA:66,0
DA:69,1
DA:70,0
DA:71,0
DA:72,0
DA:73,0
DA:74,0
DA:75,0
DA:77,0
DA:78,0
DA:79,0
DA:80,0
DA:81,0
DA:83,0
DA:84,0
DA:86,0
DA:87,0
DA:89,0
DA:90,0
DA:92,0
DA:99,0
DA:100,0
DA:108,0
DA:112,0
DA:113,0
DA:122,1
DA:123,0
DA:127,0
DA:128,0
DA:132,1
DA:133,0
DA:134,0
DA:135,0
DA:136,0
DA:137,0
DA:141,0
DA:143,1
DA:144,0
DA:145,0
DA:146,0
DA:148,0
DA:149,0
DA:151,0
DA:152,0
DA:161,0
DA:165,0
DA:170,0
DA:174,1
DA:175,0
DA:176,0
DA:179,1
DA:180,0
DA:182,0
DA:183,0
DA:184,0
DA:186,0
DA:187,0
DA:188,0
DA:189,0
DA:190,0
DA:191,0
DA:193,0
DA:194,0
DA:195,0
DA:196,0
DA:197,0
DA:198,0
DA:199,0
DA:205,0
DA:207,0
DA:217,0
DA:221,1
DA:222,0
DA:223,0
DA:231,0
DA:235,0
DA:239,1
DA:240,0
DA:241,0
DA:242,0
DA:246,1
DA:247,0
DA:248,0
DA:249,0
DA:250,0
DA:251,0
DA:252,0
DA:253,0
DA:254,0
DA:258,0
DA:264,1
DA:265,0
DA:266,0
DA:267,0
DA:268,0
DA:273,1
DA:274,0
DA:275,0
DA:276,0
DA:277,0
DA:282,1
DA:283,0
DA:284,0
DA:285,0
DA:293,0
DA:298,0
DA:299,0
DA:300,0
DA:301,0
DA:308,1
DA:309,0
DA:311,1
DA:312,0
LF:159
LH:21
BRDA:47,1,0,0
BRDA:47,1,1,0
BRDA:50,2,0,0
BRDA:50,2,1,0
BRDA:70,3,0,0
BRDA:70,3,1,0
BRDA:72,4,0,0
BRDA:72,4,1,0
BRDA:78,5,0,0
BRDA:78,5,1,0
BRDA:79,6,0,0
BRDA:79,6,1,0
BRDA:81,7,0,0
BRDA:81,7,1,0
BRDA:81,7,2,0
BRDA:134,8,0,0
BRDA:134,8,1,0
BRDA:136,9,0,0
BRDA:136,9,1,0
BRDA:144,10,0,0
BRDA:144,10,1,0
BRDA:145,11,0,0
BRDA:145,11,1,0
BRDA:145,12,0,0
BRDA:145,12,1,0
BRDA:148,13,0,0
BRDA:148,13,1,0
BRDA:180,14,0,0
BRDA:180,14,1,0
BRDA:183,15,0,0
BRDA:183,15,1,0
BRDA:188,16,0,0
BRDA:188,16,1,0
BRDA:194,17,0,0
BRDA:194,17,1,0
BRDA:197,18,0,0
BRDA:197,18,1,0
BRDA:247,19,0,0
BRDA:247,19,1,0
BRDA:250,20,0,0
BRDA:250,20,1,0
BRDA:265,21,0,0
BRDA:265,21,1,0
BRDA:274,22,0,0
BRDA:274,22,1,0
BRDA:276,23,0,0
BRDA:276,23,1,0
BRDA:283,24,0,0
BRDA:283,24,1,0
BRDA:300,25,0,0
BRDA:300,25,1,0
BRF:51
BRH:0
end_of_record
TN:
SF:./src/client/app/sistema/reservas/reserva-print-contrato-modal.controller.js
FN:1,(anonymous_1)
FN:9,ReqPrintModalController
FN:21,activate
FN:35,(anonymous_4)
FN:40,createPdf
FN:48,(anonymous_6)
FN:55,deletePdf
FN:60,(anonymous_8)
FN:67,ok
FN:70,cancel
FNF:10
FNH:1
FNDA:1,(anonymous_1)
FNDA:0,ReqPrintModalController
FNDA:0,activate
FNDA:0,(anonymous_4)
FNDA:0,createPdf
FNDA:0,(anonymous_6)
FNDA:0,deletePdf
FNDA:0,(anonymous_8)
FNDA:0,ok
FNDA:0,cancel
DA:1,1
DA:4,1
DA:7,1
DA:9,1
DA:10,0
DA:11,0
DA:12,0
DA:13,0
DA:14,0
DA:15,0
DA:16,0
DA:19,0
DA:21,1
DA:22,0
DA:23,0
DA:24,0
DA:25,0
DA:26,0
DA:27,0
DA:28,0
DA:29,0
DA:30,0
DA:31,0
DA:32,0
DA:33,0
DA:35,0
DA:36,0
DA:40,1
DA:41,0
DA:48,0
DA:49,0
DA:50,0
DA:55,1
DA:56,0
DA:60,0
DA:61,0
DA:62,0
DA:67,1
DA:68,0
DA:70,1
DA:71,0
LF:41
LH:9
BRDA:25,1,0,0
BRDA:25,1,1,0
BRDA:29,2,0,0
BRDA:29,2,1,0
BRDA:61,3,0,0
BRDA:61,3,1,0
BRF:6
BRH:0
end_of_record
TN:
SF:./src/client/app/sistema/reservas/reserva.controller.js
FN:1,(anonymous_1)
FN:10,ReservaController
FN:54,activate
FN:55,(anonymous_4)
FN:58,(anonymous_5)
FN:67,convDate
FN:72,itens
FN:74,(anonymous_8)
FN:80,dataPadrao
FN:88,getRes
FN:89,(anonymous_11)
FN:95,pesquisaAvancada
FN:100,limparPesqAvancada
FN:116,newRes
FN:124,(anonymous_15)
FN:131,editRes
FN:140,(anonymous_17)
FN:146,(anonymous_18)
FN:153,deleteRes
FN:162,(anonymous_20)
FN:168,(anonymous_21)
FN:169,(anonymous_22)
FN:176,getLimite
FN:180,setPage
FNF:24
FNH:1
FNDA:1,(anonymous_1)
FNDA:0,ReservaController
FNDA:0,activate
FNDA:0,(anonymous_4)
FNDA:0,(anonymous_5)
FNDA:0,convDate
FNDA:0,itens
FNDA:0,(anonymous_8)
FNDA:0,dataPadrao
FNDA:0,getRes
FNDA:0,(anonymous_11)
FNDA:0,pesquisaAvancada
FNDA:0,limparPesqAvancada
FNDA:0,newRes
FNDA:0,(anonymous_15)
FNDA:0,editRes
FNDA:0,(anonymous_17)
FNDA:0,(anonymous_18)
FNDA:0,deleteRes
FNDA:0,(anonymous_20)
FNDA:0,(anonymous_21)
FNDA:0,(anonymous_22)
FNDA:0,getLimite
FNDA:0,setPage
DA:1,1
DA:4,1
DA:8,1
DA:10,1
DA:11,0
DA:13,0
DA:14,0
DA:15,0
DA:16,0
DA:17,0
DA:18,0
DA:19,0
DA:30,0
DA:36,0
DA:37,0
DA:38,0
DA:39,0
DA:40,0
DA:41,0
DA:42,0
DA:43,0
DA:44,0
DA:45,0
DA:46,0
DA:48,0
DA:49,0
DA:50,0
DA:52,0
DA:54,1
DA:55,0
DA:56,0
DA:57,0
DA:58,0
DA:59,0
DA:62,0
DA:67,1
DA:68,0
DA:69,0
DA:72,1
DA:73,0
DA:74,0
DA:75,0
DA:76,0
DA:80,1
DA:81,0
DA:82,0
DA:83,0
DA:84,0
DA:85,0
DA:88,1
DA:89,0
DA:90,0
DA:91,0
DA:95,1
DA:96,0
DA:97,0
DA:100,1
DA:101,0
DA:112,0
DA:116,1
DA:117,0
DA:124,0
DA:131,1
DA:132,0
DA:133,0
DA:141,0
DA:146,0
DA:147,0
DA:153,1
DA:154,0
DA:155,0
DA:163,0
DA:168,0
DA:169,0
DA:176,1
DA:177,0
DA:178,0
DA:180,1
DA:181,0
LF:79
LH:16
BRDA:56,1,0,0
BRDA:56,1,1,0
BRF:2
BRH:0
end_of_record
TN:
SF:./src/client/app/sistema/reservas/reserva.route.js
FN:1,(anonymous_1)
FN:10,appRun
FN:14,getStates
FNF:3
FNH:1
FNDA:1,(anonymous_1)
FNDA:0,appRun
FNDA:0,getStates
DA:1,1
DA:4,1
DA:8,1
DA:10,1
DA:11,0
DA:14,1
DA:15,0
LF:7
LH:5
BRF:0
BRH:0
end_of_record
TN:
SF:./src/client/app/sistema/reservas/reserva.service.js
FN:32,(anonymous_1)
FN:39,ReservaService
FN:79,startDatasetDinamico
FN:92,load
FN:102,(anonymous_5)
FN:108,read
FN:141,(anonymous_7)
FN:147,create
FN:157,(anonymous_9)
FN:162,update
FN:172,(anonymous_11)
FN:177,deletar
FN:186,(anonymous_13)
FN:191,getPdf
FN:196,(anonymous_15)
FN:201,verificarPermissao
FNF:16
FNH:1
FNDA:1,(anonymous_1)
FNDA:0,ReservaService
FNDA:0,startDatasetDinamico
FNDA:0,load
FNDA:0,(anonymous_5)
FNDA:0,read
FNDA:0,(anonymous_7)
FNDA:0,create
FNDA:0,(anonymous_9)
FNDA:0,update
FNDA:0,(anonymous_11)
FNDA:0,deletar
FNDA:0,(anonymous_13)
FNDA:0,getPdf
FNDA:0,(anonymous_15)
FNDA:0,verificarPermissao
DA:32,1
DA:34,1
DA:37,1
DA:39,1
DA:40,0
DA:44,0
DA:48,0
DA:52,0
DA:62,0
DA:63,0
DA:64,0
DA:65,0
DA:66,0
DA:77,0
DA:79,1
DA:80,0
DA:81,0
DA:82,0
DA:83,0
DA:84,0
DA:85,0
DA:86,0
DA:87,0
DA:88,0
DA:89,0
DA:92,1
DA:93,0
DA:94,0
DA:95,0
DA:96,0
DA:97,0
DA:98,0
DA:99,0
DA:100,0
DA:101,0
DA:103,0
DA:108,1
DA:109,0
DA:110,0
DA:111,0
DA:112,0
DA:113,0
DA:115,0
DA:116,0
DA:118,0
DA:119,0
DA:121,0
DA:122,0
DA:124,0
DA:125,0
DA:127,0
DA:128,0
DA:130,0
DA:131,0
DA:134,0
DA:135,0
DA:136,0
DA:137,0
DA:138,0
DA:139,0
DA:140,0
DA:142,0
DA:147,1
DA:148,0
DA:149,0
DA:150,0
DA:151,0
DA:152,0
DA:153,0
DA:154,0
DA:155,0
DA:156,0
DA:158,0
DA:162,1
DA:163,0
DA:164,0
DA:165,0
DA:166,0
DA:167,0
DA:168,0
DA:169,0
DA:170,0
DA:171,0
DA:173,0
DA:177,1
DA:178,0
DA:179,0
DA:180,0
DA:181,0
DA:182,0
DA:183,0
DA:184,0
DA:185,0
DA:187,0
DA:191,1
DA:192,0
DA:193,0
DA:194,0
DA:195,0
DA:197,0
DA:201,1
DA:202,0
DA:203,0
LF:103
LH:12
BRDA:112,1,0,0
BRDA:112,1,1,0
BRDA:112,2,0,0
BRDA:112,2,1,0
BRDA:115,3,0,0
BRDA:115,3,1,0
BRDA:115,4,0,0
BRDA:115,4,1,0
BRDA:118,5,0,0
BRDA:118,5,1,0
BRDA:118,6,0,0
BRDA:118,6,1,0
BRDA:121,7,0,0
BRDA:121,7,1,0
BRDA:121,8,0,0
BRDA:121,8,1,0
BRDA:124,9,0,0
BRDA:124,9,1,0
BRDA:124,10,0,0
BRDA:124,10,1,0
BRDA:127,11,0,0
BRDA:127,11,1,0
BRDA:127,12,0,0
BRDA:127,12,1,0
BRDA:130,13,0,0
BRDA:130,13,1,0
BRDA:130,14,0,0
BRDA:130,14,1,0
BRDA:130,14,2,0
BRDA:130,14,3,0
BRF:30
BRH:0
end_of_record
TN:
SF:./src/client/app/widgets/ht-img-person.directive.js
FN:1,(anonymous_1)
FN:10,htImgPerson
FN:21,link
FN:22,(anonymous_4)
FNF:4
FNH:1
FNDA:1,(anonymous_1)
FNDA:0,htImgPerson
FNDA:0,link
FNDA:0,(anonymous_4)
DA:1,1
DA:4,1
DA:8,1
DA:10,1
DA:13,0
DA:14,0
DA:15,0
DA:19,0
DA:21,1
DA:22,0
DA:23,0
DA:24,0
LF:12
LH:5
BRDA:23,1,0,0
BRDA:23,1,1,0
BRF:2
BRH:0
end_of_record
TN:
SF:./src/client/app/widgets/ht-widget-header.directive.js
FN:1,(anonymous_1)
FN:9,htWidgetHeader
FNF:2
FNH:1
FNDA:1,(anonymous_1)
FNDA:0,htWidgetHeader
DA:1,1
DA:4,1
DA:9,1
DA:16,0
DA:27,0
LF:5
LH:3
BRF:0
BRH:0
end_of_record
